<?xml version="1.0" encoding="UTF-8"?>
<!-- Generated by org.testng.reporters.JUnitXMLReporter -->
<testsuite hostname="BYMAT-Automation" ignored="0" name="FlipboardLoginTest" tests="2" failures="1" timestamp="13 Oct 2022 14:40:06 GMT" time="40.065" errors="0">
  <testcase name="validateGetStartedButton" time="0.794" classname="testcases.FlipboardLoginTest"/>
  <testcase name="chooseTopicsTest" time="5.523" classname="testcases.FlipboardLoginTest">
    <failure type="java.lang.AssertionError" message="Failing Test case to check screenshot and reporting">
      <![CDATA[java.lang.AssertionError: Failing Test case to check screenshot and reporting
at testcases.FlipboardLoginTest.chooseTopicsTest(FlipboardLoginTest.java:37)
... Removed 26 stack frames]]>
    </failure>
  </testcase> <!-- chooseTopicsTest -->
</testsuite> <!-- FlipboardLoginTest -->
