<?xml version="1.0" encoding="UTF-8"?>
<!-- Generated by org.testng.reporters.JUnitXMLReporter -->
<testsuite hostname="BYMAT-Automation" ignored="0" name="Title Section Test" tests="1" failures="1" timestamp="13 Oct 2022 17:28:34 GMT" time="47.442" errors="0">
  <testcase name="validateTitle" time="13.625" classname="testcases.TitleSectionTest">
    <failure type="java.lang.AssertionError" message="Failing Test case to check screenshot and reporting">
      <![CDATA[java.lang.AssertionError: Failing Test case to check screenshot and reporting
at testcases.TitleSectionTest.validateTitle(TitleSectionTest.java:38)
... Removed 29 stack frames]]>
    </failure>
  </testcase> <!-- validateTitle -->
</testsuite> <!-- Title Section Test -->
