<?xml version="1.0" encoding="UTF-8"?>
<testsuite name="TestSuite" time="18.706" tests="3" errors="0" skipped="0" failures="1">
  <properties>
[...]
</properties>
  <testcase name="validateGetStartedButton" classname="testcases.FlipboardLoginTest" time="0.449"/>
  <testcase name="chooseTopicsTest" classname="testcases.FlipboardLoginTest" time="5.62"/>
  <testcase name="validateTitle" classname="testcases.TitleSectionTest" time="12.637">
    <failure message="Failing Test case to check screenshot and reporting" type="java.lang.AssertionError">java.lang.AssertionError: Failing Test case to check screenshot and reporting
	at org.testng.Assert.fail(Assert.java:96)
	at testcases.TitleSectionTest.validateTitle(TitleSectionTest.java:38)
</failure>
    <system-out><![CDATA[1a84a11f/element/00000000-0000-07e0-ffff-ffff0000002a/click &amp#27;[39m&amp#27;[32m200&amp#27;[39m &amp#27;[90m70 ms - 14&amp#27;[39m
&amp#27;[35m[HTTP]&amp#27;[39m &amp#27;[90m&amp#27;[39m
&amp#27;[35m[HTTP]&amp#27;[39m &amp#27;[37m-->&amp#27;[39m &amp#27;[37mDELETE&amp#27;[39m &amp#27;[37m/wd/hub/session/6901b877-4584-4c63-a76d-d52a1a84a11f&amp#27;[39m
&amp#27;[35m[HTTP]&amp#27;[39m &amp#27;[90m{}&amp#27;[39m
[debug] &amp#27;[35m[W3C (6901b877)]&amp#27;[39m Calling AppiumDriver.deleteSession() with args: ["6901b877-4584-4c63-a76d-d52a1a84a11f"]
[debug] &amp#27;[35m[BaseDriver]&amp#27;[39m Event 'quitSessionRequested' logged at 1665684683800 (23:41:23 GMT+0530 (India Standard Time))
&amp#27;[35m[Appium]&amp#27;[39m Removing session 6901b877-4584-4c63-a76d-d52a1a84a11f from our master session list
[debug] &amp#27;[35m[UiAutomator2]&amp#27;[39m Deleting UiAutomator2 session
[debug] &amp#27;[35m[UiAutomator2]&amp#27;[39m Deleting UiAutomator2 server session
[debug] &amp#27;[35m[WD Proxy]&amp#27;[39m Matched '/' to command name 'deleteSession'
[debug] &amp#27;[35m[WD Proxy]&amp#27;[39m Proxying [DELETE /] to [DELETE http://127.0.0.1:8200/wd/hub/session/b5cb6425-775c-4d8a-af18-91bf8a91e057] with no body
[debug] &amp#27;[35m[WD Proxy]&amp#27;[39m Got response with status 200: {"sessionId":"b5cb6425-775c-4d8a-af18-91bf8a91e057","value":null}
[debug] &amp#27;[35m[ADB]&amp#27;[39m Running 'C:\Users\rahul\AppData\Local\Android\Sdk\platform-tools\adb.exe -P 5037 -s JNNVZXR8X4GQ4HZP shell am force-stop flipboard.app'
[debug] &amp#27;[35m[Logcat]&amp#27;[39m Stopping logcat capture
[debug] &amp#27;[35m[ADB]&amp#27;[39m Removing forwarded port socket connection: 8200 
[debug] &amp#27;[35m[ADB]&amp#27;[39m Running 'C:\Users\rahul\AppData\Local\Android\Sdk\platform-tools\adb.exe -P 5037 -s JNNVZXR8X4GQ4HZP forward --remove tcp:8200'
[debug] &amp#27;[35m[Instrumentation]&amp#27;[39m .
[debug] &amp#27;[35m[Instrumentation]&amp#27;[39m Time: 15.051
[debug] &amp#27;[35m[Instrumentation]&amp#27;[39m 
[debug] &amp#27;[35m[Instrumentation]&amp#27;[39m OK (1 test)
&amp#27;[35m[UiAutomator2]&amp#27;[39m Restoring hidden api policy to the device default configuration
[debug] &amp#27;[35m[ADB]&amp#27;[39m Running 'C:\Users\rahul\AppData\Local\Android\Sdk\platform-tools\adb.exe -P 5037 -s JNNVZXR8X4GQ4HZP shell 'settings delete global hidden_api_policy_pre_p_apps;settings delete global hidden_api_policy_p_apps;settings delete global hidden_api_policy''
[debug] &amp#27;[35m[BaseDriver]&amp#27;[39m Event 'quitSessionFinished' logged at 1665684684955 (23:41:24 GMT+0530 (India Standard Time))
[debug] &amp#27;[35m[W3C (6901b877)]&amp#27;[39m Received response: null
[debug] &amp#27;[35m[W3C (6901b877)]&amp#27;[39m But deleting session, so not returning
[debug] &amp#27;[35m[W3C (6901b877)]&amp#27;[39m Responding to client with driver.deleteSession() result: null
&amp#27;[35m[HTTP]&amp#27;[39m &amp#27;[37m<-- DELETE /wd/hub/session/6901b877-4584-4c63-a76d-d52a1a84a11f &amp#27;[39m&amp#27;[32m200&amp#27;[39m &amp#27;[90m1161 ms - 14&amp#27;[39m
&amp#27;[35m[HTTP]&amp#27;[39m &amp#27;[90m&amp#27;[39m
&amp#27;[35m[Appium]&amp#27;[39m Welcome to Appium v1.22.3
&amp#27;[35m[Appium]&amp#27;[39m Non-default server args:
&amp#27;[35m[Appium]&amp#27;[39m   logFile: D:\BYMAT_Automation\WorkSpace\WorkSpace_Photon\Appium_POM_PageFactory\src\test\resources\logs\log.txt
&amp#27;[35m[Appium]&amp#27;[39m   localTimezone: true
&amp#27;[35m[Appium]&amp#27;[39m Appium REST http interface listener started on 0.0.0.0:4723
&amp#27;[35m[HTTP]&amp#27;[39m &amp#27;[37m-->&amp#27;[39m &amp#27;[37mGET&amp#27;[39m &amp#27;[37m/wd/hub/status&amp#27;[39m
&amp#27;[35m[HTTP]&amp#27;[39m &amp#27;[90m{}&amp#27;[39m
[debug] &amp#27;[35m[GENERIC]&amp#27;[39m Calling AppiumDriver.getStatus() with args: []
[debug] &amp#27;[35m[GENERIC]&amp#27;[39m Responding to client with driver.getStatus() result: {"build":{"version":"1.22.3"}}
&amp#27;[35m[HTTP]&amp#27;[39m &amp#27;[37m<-- GET /wd/hub/status &amp#27;[39m&amp#27;[32m200&amp#27;[39m &amp#27;[90m10 ms - 68&amp#27;[39m
&amp#27;[35m[HTTP]&amp#27;[39m &amp#27;[90m&amp#27;[39m
[debug] &amp#27;[35m[HTTP]&amp#27;[39m Request idempotency key: 8c80158b-d489-473c-a686-5da4b762d7cf
&amp#27;[35m[HTTP]&amp#27;[39m &amp#27;[37m-->&amp#27;[39m &amp#27;[37mPOST&amp#27;[39m &amp#27;[37m/wd/hub/session&amp#27;[39m
&amp#27;[35m[HTTP]&amp#27;[39m &amp#27;[90m{"desiredCapabilities":{"appActivity":"flipboard.activities.LaunchActivityAlias","appPackage":"flipboard.app","platformName":"android","deviceName":"android","platformVersion":"12"},"capabilities":{"firstMatch":[{"appium:appActivity":"flipboard.activities.LaunchActivityAlias","appium:appPackage":"flipboard.app","appium:deviceName":"android","platformName":"android","appium:platformVersion":"12"}]}}&amp#27;[39m
[debug] &amp#27;[35m[W3C]&amp#27;[39m Calling AppiumDriver.createSession() with args: [{"appActivity":"flipboard.activities.LaunchActivityAlias","appPackage":"flipboard.app","platformName":"android","deviceName":"android","platformVersion":"12"},null,{"firstMatch":[{"appium:appActivity":"flipboard.activities.LaunchActivityAlias","appium:appPackage":"flipboard.app","appium:deviceName":"android","platformName":"android","appium:platformVersion":"12"}]}]
[debug] &amp#27;[35m[BaseDriver]&amp#27;[39m Event 'newSessionRequested' logged at 1665684688549 (23:41:28 GMT+0530 (India Standard Time))
&amp#27;[35m[Appium]&amp#27;[39m 
&amp#27;[35m[Appium]&amp#27;[39m ======================================================================
&amp#27;[35m[Appium]&amp#27;[39m   DEPRECATION WARNING:
&amp#27;[35m[Appium]&amp#27;[39m 
&amp#27;[35m[Appium]&amp#27;[39m   The 'automationName' capability was not provided in the desired 
&amp#27;[35m[Appium]&amp#27;[39m   capabilities for this Android session
&amp#27;[35m[Appium]&amp#27;[39m 
&amp#27;[35m[Appium]&amp#27;[39m   Setting 'automationName=UiAutomator2' by default and using the 
&amp#27;[35m[Appium]&amp#27;[39m   UiAutomator2 Driver
&amp#27;[35m[Appium]&amp#27;[39m 
&amp#27;[35m[Appium]&amp#27;[39m   The next major version of Appium (2.x) will **require** the 
&amp#27;[35m[Appium]&amp#27;[39m   'automationName' capability to be set for all sessions on all 
&amp#27;[35m[Appium]&amp#27;[39m   platforms
&amp#27;[35m[Appium]&amp#27;[39m 
&amp#27;[35m[Appium]&amp#27;[39m   In previous versions (Appium <= 1.13.x), the default was 
&amp#27;[35m[Appium]&amp#27;[39m   'automationName=UiAutomator1'
&amp#27;[35m[Appium]&amp#27;[39m 
&amp#27;[35m[Appium]&amp#27;[39m   If you wish to use that automation instead of UiAutomator2, please 
&amp#27;[35m[Appium]&amp#27;[39m   add 'automationName=UiAutomator1' to your desired capabilities
&amp#27;[35m[Appium]&amp#27;[39m 
&amp#27;[35m[Appium]&amp#27;[39m   For more information about drivers, please visit 
&amp#27;[35m[Appium]&amp#27;[39m   http://appium.io/docs/en/about-appium/intro/ and explore the 
&amp#27;[35m[Appium]&amp#27;[39m   'Drivers' menu
&amp#27;[35m[Appium]&amp#27;[39m 
&amp#27;[35m[Appium]&amp#27;[39m ======================================================================
&amp#27;[35m[Appium]&amp#27;[39m 
&amp#27;[35m[Appium]&amp#27;[39m Appium v1.22.3 creating new AndroidUiautomator2Driver (v1.70.1) session
[debug] &amp#27;[35m[BaseDriver]&amp#27;[39m W3C capabilities and MJSONWP desired capabilities were provided
[debug] &amp#27;[35m[BaseDriver]&amp#27;[39m Creating session with W3C capabilities: {
[debug] &amp#27;[35m[BaseDriver]&amp#27;[39m   "alwaysMatch": {
[debug] &amp#27;[35m[BaseDriver]&amp#27;[39m     "platformName": "android",
[debug] &amp#27;[35m[BaseDriver]&amp#27;[39m     "appium:appActivity": "flipboard.activities.LaunchActivityAlias",
[debug] &amp#27;[35m[BaseDriver]&amp#27;[39m     "appium:appPackage": "flipboard.app",
[debug] &amp#27;[35m[BaseDriver]&amp#27;[39m     "appium:deviceName": "android",
[debug] &amp#27;[35m[BaseDriver]&amp#27;[39m     "appium:platformVersion": "12"
[debug] &amp#27;[35m[BaseDriver]&amp#27;[39m   },
[debug] &amp#27;[35m[BaseDriver]&amp#27;[39m   "firstMatch": [
[debug] &amp#27;[35m[BaseDriver]&amp#27;[39m     {}
[debug] &amp#27;[35m[BaseDriver]&amp#27;[39m   ]
[debug] &amp#27;[35m[BaseDriver]&amp#27;[39m }
&amp#27;[35m[BaseDriver]&amp#27;[39m Session created with session id: b8746245-ee34-458b-8285-13e9a43c7aed
&amp#27;[35m[UiAutomator2]&amp#27;[39m Starting 'flipboard.app' directly on the device
&amp#27;[35m[ADB]&amp#27;[39m Found 2 'build-tools' folders under 'C:\Users\rahul\AppData\Local\Android\Sdk' (newest first):
&amp#27;[35m[ADB]&amp#27;[39m     C:/Users/rahul/AppData/Local/Android/Sdk/build-tools/33.0.0
&amp#27;[35m[ADB]&amp#27;[39m     C:/Users/rahul/AppData/Local/Android/Sdk/build-tools/30.0.3
&amp#27;[35m[ADB]&amp#27;[39m Using 'adb.exe' from 'C:\Users\rahul\AppData\Local\Android\Sdk\platform-tools\adb.exe'
[debug] &amp#27;[35m[ADB]&amp#27;[39m Running 'C:\Users\rahul\AppData\Local\Android\Sdk\platform-tools\adb.exe -P 5037 start-server'
&amp#27;[35m[AndroidDriver]&amp#27;[39m Retrieving device list
[debug] &amp#27;[35m[ADB]&amp#27;[39m Trying to find a connected android device
[debug] &amp#27;[35m[ADB]&amp#27;[39m Getting connected devices
[debug] &amp#27;[35m[ADB]&amp#27;[39m Connected devices: [{"udid":"JNNVZXR8X4GQ4HZP","state":"device"}]
&amp#27;[35m[AndroidDriver]&amp#27;[39m Looking for a device with Android '12.0.0'
[debug] &amp#27;[35m[ADB]&amp#27;[39m Setting device id to JNNVZXR8X4GQ4HZP
&amp#27;[35m[ADB]&amp#27;[39m Getting device platform version
[debug] &amp#27;[35m[ADB]&amp#27;[39m Running 'C:\Users\rahul\AppData\Local\Android\Sdk\platform-tools\adb.exe -P 5037 -s JNNVZXR8X4GQ4HZP shell getprop ro.build.version.release'
[debug] &amp#27;[35m[ADB]&amp#27;[39m Current device property 'ro.build.version.release': 12
&amp#27;[35m[AndroidDriver]&amp#27;[39m Using device: JNNVZXR8X4GQ4HZP
&amp#27;[35m[ADB]&amp#27;[39m Using 'adb.exe' from 'C:\Users\rahul\AppData\Local\Android\Sdk\platform-tools\adb.exe'
[debug] &amp#27;[35m[ADB]&amp#27;[39m Running 'C:\Users\rahul\AppData\Local\Android\Sdk\platform-tools\adb.exe -P 5037 start-server'
[debug] &amp#27;[35m[ADB]&amp#27;[39m Setting device id to JNNVZXR8X4GQ4HZP
[debug] &amp#27;[35m[ADB]&amp#27;[39m Running 'C:\Users\rahul\AppData\Local\Android\Sdk\platform-tools\adb.exe -P 5037 -s JNNVZXR8X4GQ4HZP shell getprop ro.build.version.sdk'
[debug] &amp#27;[35m[ADB]&amp#27;[39m Current device property 'ro.build.version.sdk': 31
&amp#27;[35m[ADB]&amp#27;[39m Getting device platform version
[debug] &amp#27;[35m[ADB]&amp#27;[39m Running 'C:\Users\rahul\AppData\Local\Android\Sdk\platform-tools\adb.exe -P 5037 -s JNNVZXR8X4GQ4HZP shell getprop ro.build.version.release'
[debug] &amp#27;[35m[ADB]&amp#27;[39m Current device property 'ro.build.version.release': 12
[debug] &amp#27;[35m[ADB]&amp#27;[39m Device API level: 31
&amp#27;[35m[UiAutomator2]&amp#27;[39m Relaxing hidden api policy
[debug] &amp#27;[35m[ADB]&amp#27;[39m Running 'C:\Users\rahul\AppData\Local\Android\Sdk\platform-tools\adb.exe -P 5037 -s JNNVZXR8X4GQ4HZP shell 'settings put global hidden_api_policy_pre_p_apps 1;settings put global hidden_api_policy_p_apps 1;settings put global hidden_api_policy 1''
&amp#27;[35m[AndroidDriver]&amp#27;[39m No app sent in, not parsing package/activity
[debug] &amp#27;[35m[ADB]&amp#27;[39m Running 'C:\Users\rahul\AppData\Local\Android\Sdk\platform-tools\adb.exe -P 5037 -s JNNVZXR8X4GQ4HZP wait-for-device'
[debug] &amp#27;[35m[ADB]&amp#27;[39m Running 'C:\Users\rahul\AppData\Local\Android\Sdk\platform-tools\adb.exe -P 5037 -s JNNVZXR8X4GQ4HZP shell echo ping'
[debug] &amp#27;[35m[AndroidDriver]&amp#27;[39m Pushing settings apk to device...
[debug] &amp#27;[35m[ADB]&amp#27;[39m Getting install status for io.appium.settings
[debug] &amp#27;[35m[ADB]&amp#27;[39m Running 'C:\Users\rahul\AppData\Local\Android\Sdk\platform-tools\adb.exe -P 5037 -s JNNVZXR8X4GQ4HZP shell dumpsys package io.appium.settings'
[debug] &amp#27;[35m[ADB]&amp#27;[39m 'io.appium.settings' is installed
[debug] &amp#27;[35m[ADB]&amp#27;[39m Getting package info for 'io.appium.settings'
[debug] &amp#27;[35m[ADB]&amp#27;[39m Running 'C:\Users\rahul\AppData\Local\Android\Sdk\platform-tools\adb.exe -P 5037 -s JNNVZXR8X4GQ4HZP shell dumpsys package io.appium.settings'
[debug] &amp#27;[35m[ADB]&amp#27;[39m The version name of the installed 'io.appium.settings' is greater or equal to the application version name ('3.4.0' >= '3.4.0')
[debug] &amp#27;[35m[ADB]&amp#27;[39m There is no need to install/upgrade 'C:\Users\rahul\AppData\Roaming\npm\node_modules\appium\node_modules\io.appium.settings\apks\settings_apk-debug.apk'
[debug] &amp#27;[35m[ADB]&amp#27;[39m Getting IDs of all 'io.appium.settings' processes
[debug] &amp#27;[35m[ADB]&amp#27;[39m Running 'C:\Users\rahul\AppData\Local\Android\Sdk\platform-tools\adb.exe -P 5037 -s JNNVZXR8X4GQ4HZP shell 'pgrep --help; echo $?''
[debug] &amp#27;[35m[ADB]&amp#27;[39m Running 'C:\Users\rahul\AppData\Local\Android\Sdk\platform-tools\adb.exe -P 5037 -s JNNVZXR8X4GQ4HZP shell pgrep -f \(\[\[:blank:\]\]\|\^\)io\.appium\.settings\(\[\[:blank:\]\]\|\$\)'
[debug] &amp#27;[35m[AndroidDriver]&amp#27;[39m io.appium.settings is already running. There is no need to reset its permissions.
[debug] &amp#27;[35m[ADB]&amp#27;[39m Running 'C:\Users\rahul\AppData\Local\Android\Sdk\platform-tools\adb.exe -P 5037 -s JNNVZXR8X4GQ4HZP shell appops set io.appium.settings android:mock_location allow'
[debug] &amp#27;[35m[Logcat]&amp#27;[39m Starting logs capture with command: C:\\Users\\rahul\\AppData\\Local\\Android\\Sdk\\platform-tools\\adb.exe -P 5037 -s JNNVZXR8X4GQ4HZP logcat -v threadtime
[debug] &amp#27;[35m[UiAutomator2]&amp#27;[39m Forwarding UiAutomator2 Server port 6790 to local port 8200
[debug] &amp#27;[35m[ADB]&amp#27;[39m Forwarding system: 8200 to device: 6790
[debug] &amp#27;[35m[ADB]&amp#27;[39m Running 'C:\Users\rahul\AppData\Local\Android\Sdk\platform-tools\adb.exe -P 5037 -s JNNVZXR8X4GQ4HZP forward tcp:8200 tcp:6790'
[debug] &amp#27;[35m[ADB]&amp#27;[39m Getting install status for io.appium.uiautomator2.server
[debug] &amp#27;[35m[ADB]&amp#27;[39m Running 'C:\Users\rahul\AppData\Local\Android\Sdk\platform-tools\adb.exe -P 5037 -s JNNVZXR8X4GQ4HZP shell dumpsys package io.appium.uiautomator2.server'
[debug] &amp#27;[35m[ADB]&amp#27;[39m 'io.appium.uiautomator2.server' is installed
[debug] &amp#27;[35m[ADB]&amp#27;[39m Getting package info for 'io.appium.uiautomator2.server'
[debug] &amp#27;[35m[ADB]&amp#27;[39m Running 'C:\Users\rahul\AppData\Local\Android\Sdk\platform-tools\adb.exe -P 5037 -s JNNVZXR8X4GQ4HZP shell dumpsys package io.appium.uiautomator2.server'
[debug] &amp#27;[35m[ADB]&amp#27;[39m The version name of the installed 'io.appium.uiautomator2.server' is greater or equal to the application version name ('4.27.0' >= '4.27.0')
[debug] &amp#27;[35m[UiAutomator2]&amp#27;[39m io.appium.uiautomator2.server installation state: sameVersionInstalled
[debug] &amp#27;[35m[ADB]&amp#27;[39m Checking app cert for C:\Users\rahul\AppData\Roaming\npm\node_modules\appium\node_modules\appium-uiautomator2-server\apks\appium-uiautomator2-server-v4.27.0.apk
&amp#27;[35m[ADB]&amp#27;[39m Using 'apksigner.jar' from 'C:\Users\rahul\AppData\Local\Android\Sdk\build-tools\33.0.0\lib\apksigner.jar'
[debug] &amp#27;[35m[ADB]&amp#27;[39m Starting apksigner: 'C:\\Program Files\\Java\\jdk1.8.0_291\\bin\\java.exe' -Xmx1024M -Xss1m -jar C:\\Users\\rahul\\AppData\\Local\\Android\\Sdk\\build-tools\\33.0.0\\lib\\apksigner.jar verify --print-certs C:\\Users\\rahul\\AppData\\Roaming\\npm\\node_modules\\appium\\node_modules\\appium-uiautomator2-server\\apks\\appium-uiautomator2-server-v4.27.0.apk
[debug] &amp#27;[35m[ADB]&amp#27;[39m apksigner stdout: Signer #1 certificate DN: EMAILADDRESS=android@android.com, CN=Android, OU=Android, O=Android, L=Mountain View, ST=California, C=US
[debug] &amp#27;[35m[ADB]&amp#27;[39m Signer #1 certificate SHA-256 digest: a40da80a59d170caa950cf15c18c454d47a39b26989d8b640ecd745ba71bf5dc
[debug] &amp#27;[35m[ADB]&amp#27;[39m Signer #1 certificate SHA-1 digest: 61ed377e85d386a8dfee6b864bd85b0bfaa5af81
[debug] &amp#27;[35m[ADB]&amp#27;[39m Signer #1 certificate MD5 digest: e89b158e4bcf988ebd09eb83f5378e87
[debug] &amp#27;[35m[ADB]&amp#27;[39m 
[debug] &amp#27;[35m[ADB]&amp#27;[39m sha256 hash did match for 'appium-uiautomator2-server-v4.27.0.apk'
&amp#27;[35m[ADB]&amp#27;[39m 'C:\Users\rahul\AppData\Roaming\npm\node_modules\appium\node_modules\appium-uiautomator2-server\apks\appium-uiautomator2-server-v4.27.0.apk' is signed with the default certificate
[debug] &amp#27;[35m[ADB]&amp#27;[39m Getting install status for io.appium.uiautomator2.server.test
[debug] &amp#27;[35m[ADB]&amp#27;[39m Running 'C:\Users\rahul\AppData\Local\Android\Sdk\platform-tools\adb.exe -P 5037 -s JNNVZXR8X4GQ4HZP shell dumpsys package io.appium.uiautomator2.server.test'
[debug] &amp#27;[35m[ADB]&amp#27;[39m 'io.appium.uiautomator2.server.test' is installed
[debug] &amp#27;[35m[ADB]&amp#27;[39m Checking app cert for C:\Users\rahul\AppData\Roaming\npm\node_modules\appium\node_modules\appium-uiautomator2-server\apks\appium-uiautomator2-server-debug-androidTest.apk
[debug] &amp#27;[35m[ADB]&amp#27;[39m Starting apksigner: 'C:\\Program Files\\Java\\jdk1.8.0_291\\bin\\java.exe' -Xmx1024M -Xss1m -jar C:\\Users\\rahul\\AppData\\Local\\Android\\Sdk\\build-tools\\33.0.0\\lib\\apksigner.jar verify --print-certs C:\\Users\\rahul\\AppData\\Roaming\\npm\\node_modules\\appium\\node_modules\\appium-uiautomator2-server\\apks\\appium-uiautomator2-server-debug-androidTest.apk
[debug] &amp#27;[35m[ADB]&amp#27;[39m apksigner stdout: Signer #1 certificate DN: EMAILADDRESS=android@android.com, CN=Android, OU=Android, O=Android, L=Mountain View, ST=California, C=US
[debug] &amp#27;[35m[ADB]&amp#27;[39m Signer #1 certificate SHA-256 digest: a40da80a59d170caa950cf15c18c454d47a39b26989d8b640ecd745ba71bf5dc
[debug] &amp#27;[35m[ADB]&amp#27;[39m Signer #1 certificate SHA-1 digest: 61ed377e85d386a8dfee6b864bd85b0bfaa5af81
[debug] &amp#27;[35m[ADB]&amp#27;[39m Signer #1 certificate MD5 digest: e89b158e4bcf988ebd09eb83f5378e87
[debug] &amp#27;[35m[ADB]&amp#27;[39m 
[debug] &amp#27;[35m[ADB]&amp#27;[39m sha256 hash did match for 'appium-uiautomator2-server-debug-androidTest.apk'
&amp#27;[35m[ADB]&amp#27;[39m 'C:\Users\rahul\AppData\Roaming\npm\node_modules\appium\node_modules\appium-uiautomator2-server\apks\appium-uiautomator2-server-debug-androidTest.apk' is signed with the default certificate
&amp#27;[35m[UiAutomator2]&amp#27;[39m Server packages are not going to be (re)installed
[debug] &amp#27;[35m[UiAutomator2]&amp#27;[39m Waiting up to 30000ms for services to be available
[debug] &amp#27;[35m[ADB]&amp#27;[39m Running 'C:\Users\rahul\AppData\Local\Android\Sdk\platform-tools\adb.exe -P 5037 -s JNNVZXR8X4GQ4HZP shell pm list instrumentation'
[debug] &amp#27;[35m[UiAutomator2]&amp#27;[39m Instrumentation target 'io.appium.uiautomator2.server.test/androidx.test.runner.AndroidJUnitRunner' is available
&amp#27;[35m[ADB]&amp#27;[39m Adding packages ["io.appium.settings","io.appium.uiautomator2.server","io.appium.uiautomator2.server.test"] to Doze whitelist
[debug] &amp#27;[35m[ADB]&amp#27;[39m Got the following command chunks to execute: [["dumpsys","deviceidle","whitelist","+io.appium.settings",";","dumpsys","deviceidle","whitelist","+io.appium.uiautomator2.server",";","dumpsys","deviceidle","whitelist","+io.appium.uiautomator2.server.test",";"]]
[debug] &amp#27;[35m[ADB]&amp#27;[39m Running 'C:\Users\rahul\AppData\Local\Android\Sdk\platform-tools\adb.exe -P 5037 -s JNNVZXR8X4GQ4HZP shell dumpsys deviceidle whitelist +io.appium.settings ; dumpsys deviceidle whitelist +io.appium.uiautomator2.server ; dumpsys deviceidle whitelist +io.appium.uiautomator2.server.test ;'
[debug] &amp#27;[35m[UiAutomator2]&amp#27;[39m No app capability. Assuming it is already on the device
[debug] &amp#27;[35m[ADB]&amp#27;[39m Getting install status for flipboard.app
[debug] &amp#27;[35m[ADB]&amp#27;[39m Running 'C:\Users\rahul\AppData\Local\Android\Sdk\platform-tools\adb.exe -P 5037 -s JNNVZXR8X4GQ4HZP shell dumpsys package flipboard.app'
[debug] &amp#27;[35m[ADB]&amp#27;[39m 'flipboard.app' is installed
[debug] &amp#27;[35m[ADB]&amp#27;[39m Running 'C:\Users\rahul\AppData\Local\Android\Sdk\platform-tools\adb.exe -P 5037 -s JNNVZXR8X4GQ4HZP shell am force-stop flipboard.app'
[debug] &amp#27;[35m[ADB]&amp#27;[39m Running 'C:\Users\rahul\AppData\Local\Android\Sdk\platform-tools\adb.exe -P 5037 -s JNNVZXR8X4GQ4HZP shell pm clear flipboard.app'
[debug] &amp#27;[35m[AndroidDriver]&amp#27;[39m Performed fast reset on the installed 'flipboard.app' application (stop and clear)
[debug] &amp#27;[35m[UiAutomator2]&amp#27;[39m Performing shallow cleanup of automation leftovers
[debug] &amp#27;[35m[UiAutomator2]&amp#27;[39m No obsolete sessions have been detected (socket hang up)
[debug] &amp#27;[35m[ADB]&amp#27;[39m Running 'C:\Users\rahul\AppData\Local\Android\Sdk\platform-tools\adb.exe -P 5037 -s JNNVZXR8X4GQ4HZP shell am force-stop io.appium.uiautomator2.server.test'
&amp#27;[35m[UiAutomator2]&amp#27;[39m Starting UIAutomator2 server 4.27.0
&amp#27;[35m[UiAutomator2]&amp#27;[39m Using UIAutomator2 server from 'C:\Users\rahul\AppData\Roaming\npm\node_modules\appium\node_modules\appium-uiautomator2-server\apks\appium-uiautomator2-server-v4.27.0.apk' and test from 'C:\Users\rahul\AppData\Roaming\npm\node_modules\appium\node_modules\appium-uiautomator2-server\apks\appium-uiautomator2-server-debug-androidTest.apk'
&amp#27;[35m[UiAutomator2]&amp#27;[39m Waiting up to 30000ms for UiAutomator2 to be online...
[debug] &amp#27;[35m[ADB]&amp#27;[39m Creating ADB subprocess with args: ["-P",5037,"-s","JNNVZXR8X4GQ4HZP","shell","am","instrument","-w","-e","disableAnalytics",true,"io.appium.uiautomator2.server.test/androidx.test.runner.AndroidJUnitRunner"]
[debug] &amp#27;[35m[WD Proxy]&amp#27;[39m Matched '/status' to command name 'getStatus'
[debug] &amp#27;[35m[WD Proxy]&amp#27;[39m Proxying [GET /status] to [GET http://127.0.0.1:8200/wd/hub/status] with no body
&amp#27;[35m[WD Proxy]&amp#27;[39m socket hang up
[debug] &amp#27;[35m[WD Proxy]&amp#27;[39m Matched '/status' to command name 'getStatus'
[debug] &amp#27;[35m[WD Proxy]&amp#27;[39m Proxying [GET /status] to [GET http://127.0.0.1:8200/wd/hub/status] with no body
&amp#27;[35m[WD Proxy]&amp#27;[39m socket hang up
[debug] &amp#27;[35m[WD Proxy]&amp#27;[39m Matched '/status' to command name 'getStatus'
[debug] &amp#27;[35m[WD Proxy]&amp#27;[39m Proxying [GET /status] to [GET http://127.0.0.1:8200/wd/hub/status] with no body
&amp#27;[35m[WD Proxy]&amp#27;[39m socket hang up
[debug] &amp#27;[35m[WD Proxy]&amp#27;[39m Matched '/status' to command name 'getStatus'
[debug] &amp#27;[35m[WD Proxy]&amp#27;[39m Proxying [GET /status] to [GET http://127.0.0.1:8200/wd/hub/status] with no body
&amp#27;[35m[WD Proxy]&amp#27;[39m socket hang up
[debug] &amp#27;[35m[WD Proxy]&amp#27;[39m Matched '/status' to command name 'getStatus'
[debug] &amp#27;[35m[WD Proxy]&amp#27;[39m Proxying [GET /status] to [GET http://127.0.0.1:8200/wd/hub/status] with no body
&amp#27;[35m[WD Proxy]&amp#27;[39m socket hang up
[debug] &amp#27;[35m[WD Proxy]&amp#27;[39m Matched '/status' to command name 'getStatus'
[debug] &amp#27;[35m[WD Proxy]&amp#27;[39m Proxying [GET /status] to [GET http://127.0.0.1:8200/wd/hub/status] with no body
&amp#27;[35m[WD Proxy]&amp#27;[39m socket hang up
[debug] &amp#27;[35m[WD Proxy]&amp#27;[39m Matched '/status' to command name 'getStatus'
[debug] &amp#27;[35m[WD Proxy]&amp#27;[39m Proxying [GET /status] to [GET http://127.0.0.1:8200/wd/hub/status] with no body
&amp#27;[35m[WD Proxy]&amp#27;[39m socket hang up
[debug] &amp#27;[35m[WD Proxy]&amp#27;[39m Matched '/status' to command name 'getStatus'
[debug] &amp#27;[35m[WD Proxy]&amp#27;[39m Proxying [GET /status] to [GET http://127.0.0.1:8200/wd/hub/status] with no body
&amp#27;[35m[WD Proxy]&amp#27;[39m socket hang up
[debug] &amp#27;[35m[WD Proxy]&amp#27;[39m Matched '/status' to command name 'getStatus'
[debug] &amp#27;[35m[WD Proxy]&amp#27;[39m Proxying [GET /status] to [GET http://127.0.0.1:8200/wd/hub/status] with no body
&amp#27;[35m[WD Proxy]&amp#27;[39m socket hang up
[debug] &amp#27;[35m[WD Proxy]&amp#27;[39m Matched '/status' to command name 'getStatus'
[debug] &amp#27;[35m[WD Proxy]&amp#27;[39m Proxying [GET /status] to [GET http://127.0.0.1:8200/wd/hub/status] with no body
&amp#27;[35m[WD Proxy]&amp#27;[39m socket hang up
[debug] &amp#27;[35m[Instrumentation]&amp#27;[39m io.appium.uiautomator2.server.test.AppiumUiAutomator2Server:
[debug] &amp#27;[35m[WD Proxy]&amp#27;[39m Matched '/status' to command name 'getStatus'
[debug] &amp#27;[35m[WD Proxy]&amp#27;[39m Proxying [GET /status] to [GET http://127.0.0.1:8200/wd/hub/status] with no body
&amp#27;[35m[WD Proxy]&amp#27;[39m socket hang up
[debug] &amp#27;[35m[WD Proxy]&amp#27;[39m Matched '/status' to command name 'getStatus'
[debug] &amp#27;[35m[WD Proxy]&amp#27;[39m Proxying [GET /status] to [GET http://127.0.0.1:8200/wd/hub/status] with no body
[debug] &amp#27;[35m[WD Proxy]&amp#27;[39m Got response with status 200: {"sessionId":"None","value":{"message":"UiAutomator2 Server is ready to accept commands","ready":true}}
[debug] &amp#27;[35m[UiAutomator2]&amp#27;[39m The initialization of the instrumentation process took 11338ms
[debug] &amp#27;[35m[WD Proxy]&amp#27;[39m Matched '/session' to command name 'createSession'
[debug] &amp#27;[35m[WD Proxy]&amp#27;[39m Proxying [POST /session] to [POST http://127.0.0.1:8200/wd/hub/session] with body: {"capabilities":{"firstMatch":[{"platform":"LINUX","webStorageEnabled":false,"takesScreenshot":true,"javascriptEnabled":true,"databaseEnabled":false,"networkConnectionEnabled":true,"locationContextEnabled":false,"warnings":{},"desired":{"platformName":"android","appActivity":"flipboard.activities.LaunchActivityAlias","appPackage":"flipboard.app","deviceName":"android","platformVersion":"12"},"platformName":"android","appActivity":"flipboard.activities.LaunchActivityAlias","appPackage":"flipboard.app","deviceName":"JNNVZXR8X4GQ4HZP","platformVersion":"12","deviceUDID":"JNNVZXR8X4GQ4HZP"}],"alwaysMatch":{}}}
[debug] &amp#27;[35m[WD Proxy]&amp#27;[39m Got response with status 200: {"sessionId":"c7f4f09e-657e-4279-a71c-4db4d836d44d","value":{"capabilities":{"firstMatch":[{"platform":"LINUX","webStorageEnabled":false,"takesScreenshot":true,"javascriptEnabled":true,"databaseEnabled":false,"networkConnectionEnabled":true,"locationContextEnabled":false,"warnings":{},"desired":{"platformName":"android","appActivity":"flipboard.activities.LaunchActivityAlias","appPackage":"flipboard.app","deviceName":"android","platformVersion":"12"},"platformName":"android","appActivity":"flipboard.activities.LaunchActivityAlias","appPackage":"flipboard.app","deviceName":"JNNVZXR8X4GQ4HZP","platformVersion":"12","deviceUDID":"JNNVZXR8X4GQ4HZP"}],"alwaysMatch":{}},"sessionId":"c7f4f09e-657e-4279-a71c-4db4d836d44d"}}
&amp#27;[35m[WD Proxy]&amp#27;[39m Determined the downstream protocol as 'W3C'
[debug] &amp#27;[35m[WD Proxy]&amp#27;[39m Proxying [GET /appium/device/info] to [GET http://127.0.0.1:8200/wd/hub/session/c7f4f09e-657e-4279-a71c-4db4d836d44d/appium/device/info] with no body
[debug] &amp#27;[35m[WD Proxy]&amp#27;[39m Got response with status 200: {"sessionId":"c7f4f09e-657e-4279-a71c-4db4d836d44d","value":{"androidId":"e2320e6afb8bd470","apiVersion":"31","bluetooth":{"state":"OFF"},"brand":"Redmi","carrierName":"Jio 4G","displayDensity":440,"locale":"en_US","manufacturer":"Xiaomi","model":"M2101K7BI","networks":[{"capabilities":{"SSID":null,"linkDownBandwidthKbps":205100,"linkUpstreamBandwidthKbps":1664385,"networkCapabilities":"NET_CAPABILITY_IMS,NET_CAPABILITY_NOT_METERED,NET_CAPABILITY_TRUSTED,NET_CAPABILITY_NOT_VPN,NET_CAPABILITY_VALIDATED,NET_CAPABILITY_NOT_ROAMING,NET_CAPABILITY_FOREGROUND,NET_CAPABILITY_NOT_CONGESTED,NET_CAPABILITY_NOT_SUSPENDED","signalStrength":-2147483648,"transportTypes":"TRANSPORT_CELLULAR"},"detailedState":"CONNECTED","extraInfo":"ims","isAvailable":true,"isConnected":true,"isFailover":false,"isRoaming":false,"state":"CONNECTED","subtype":13,"subtypeName":"LTE","type":0,"typeName":"MOBILE"},{"capabilities":{"SSID":null,"linkDownBandwidthKbps":205100,"linkUpstreamBandwidthKbps":1664385,"networkCapabilities":"NET_CAPABIL...
[debug] &amp#27;[35m[ADB]&amp#27;[39m Running 'C:\Users\rahul\AppData\Local\Android\Sdk\platform-tools\adb.exe -P 5037 -s JNNVZXR8X4GQ4HZP shell dumpsys window'
&amp#27;[35m[AndroidDriver]&amp#27;[39m Screen already unlocked, doing nothing
&amp#27;[35m[UiAutomator2]&amp#27;[39m Starting 'flipboard.app/flipboard.activities.LaunchActivityAlias and waiting for 'flipboard.app/flipboard.activities.LaunchActivityAlias'
[debug] &amp#27;[35m[ADB]&amp#27;[39m Running 'C:\Users\rahul\AppData\Local\Android\Sdk\platform-tools\adb.exe -P 5037 -s JNNVZXR8X4GQ4HZP shell am start -W -n flipboard.app/flipboard.activities.LaunchActivityAlias -S -a android.intent.action.MAIN -c android.intent.category.LAUNCHER -f 0x10200000'
[debug] &amp#27;[35m[WD Proxy]&amp#27;[39m Proxying [GET /appium/device/pixel_ratio] to [GET http://127.0.0.1:8200/wd/hub/session/c7f4f09e-657e-4279-a71c-4db4d836d44d/appium/device/pixel_ratio] with no body
[debug] &amp#27;[35m[WD Proxy]&amp#27;[39m Got response with status 200: {"sessionId":"c7f4f09e-657e-4279-a71c-4db4d836d44d","value":2.75}
[debug] &amp#27;[35m[WD Proxy]&amp#27;[39m Matched '/appium/device/system_bars' to command name 'getSystemBars'
[debug] &amp#27;[35m[WD Proxy]&amp#27;[39m Proxying [GET /appium/device/system_bars] to [GET http://127.0.0.1:8200/wd/hub/session/c7f4f09e-657e-4279-a71c-4db4d836d44d/appium/device/system_bars] with no body
[debug] &amp#27;[35m[WD Proxy]&amp#27;[39m Got response with status 200: {"sessionId":"c7f4f09e-657e-4279-a71c-4db4d836d44d","value":{"statusBar":93}}
[debug] &amp#27;[35m[WD Proxy]&amp#27;[39m Matched '/window/current/size' to command name 'getWindowSize'
[debug] &amp#27;[35m[WD Proxy]&amp#27;[39m Proxying [GET /window/current/size] to [GET http://127.0.0.1:8200/wd/hub/session/c7f4f09e-657e-4279-a71c-4db4d836d44d/window/current/size] with no body
[debug] &amp#27;[35m[WD Proxy]&amp#27;[39m Got response with status 200: {"sessionId":"c7f4f09e-657e-4279-a71c-4db4d836d44d","value":{"height":2177,"width":1080}}
&amp#27;[35m[Appium]&amp#27;[39m New AndroidUiautomator2Driver session created successfully, session b8746245-ee34-458b-8285-13e9a43c7aed added to master session list
[debug] &amp#27;[35m[BaseDriver]&amp#27;[39m Event 'newSessionStarted' logged at 1665684712849 (23:41:52 GMT+0530 (India Standard Time))
[debug] &amp#27;[35m[W3C (b8746245)]&amp#27;[39m Cached the protocol value 'W3C' for the new session b8746245-ee34-458b-8285-13e9a43c7aed
[debug] &amp#27;[35m[W3C (b8746245)]&amp#27;[39m Responding to client with driver.createSession() result: {"capabilities":{"platform":"LINUX","webStorageEnabled":false,"takesScreenshot":true,"javascriptEnabled":true,"databaseEnabled":false,"networkConnectionEnabled":true,"locationContextEnabled":false,"warnings":{},"desired":{"platformName":"android","appActivity":"flipboard.activities.LaunchActivityAlias","appPackage":"flipboard.app","deviceName":"android","platformVersion":"12"},"platformName":"android","appActivity":"flipboard.activities.LaunchActivityAlias","appPackage":"flipboard.app","deviceName":"JNNVZXR8X4GQ4HZP","platformVersion":"12","deviceUDID":"JNNVZXR8X4GQ4HZP","deviceApiLevel":31,"deviceScreenSize":"1080x2400","deviceScreenDensity":440,"deviceModel":"M2101K7BI","deviceManufacturer":"Xiaomi","pixelRatio":2.75,"statBarHeight":93,"viewportRect":{"left":0,"top":93,"width":1080,"height":2084}}}
&amp#27;[35m[HTTP]&amp#27;[39m &amp#27;[37m<-- POST /wd/hub/session &amp#27;[39m&amp#27;[32m200&amp#27;[39m &amp#27;[90m24308 ms - 872&amp#27;[39m
&amp#27;[35m[HTTP]&amp#27;[39m &amp#27;[90m&amp#27;[39m
&amp#27;[35m[HTTP]&amp#27;[39m &amp#27;[37m-->&amp#27;[39m &amp#27;[37mGET&amp#27;[39m &amp#27;[37m/wd/hub/session/b8746245-ee34-458b-8285-13e9a43c7aed/context&amp#27;[39m
&amp#27;[35m[HTTP]&amp#27;[39m &amp#27;[90m{}&amp#27;[39m
[debug] &amp#27;[35m[W3C (b8746245)]&amp#27;[39m Calling AppiumDriver.getCurrentContext() with args: ["b8746245-ee34-458b-8285-13e9a43c7aed"]
[debug] &amp#27;[35m[W3C (b8746245)]&amp#27;[39m Responding to client with driver.getCurrentContext() result: "NATIVE_APP"
&amp#27;[35m[HTTP]&amp#27;[39m &amp#27;[37m<-- GET /wd/hub/session/b8746245-ee34-458b-8285-13e9a43c7aed/context &amp#27;[39m&amp#27;[32m200&amp#27;[39m &amp#27;[90m26 ms - 22&amp#27;[39m
&amp#27;[35m[HTTP]&amp#27;[39m &amp#27;[90m&amp#27;[39m
&amp#27;[35m[HTTP]&amp#27;[39m &amp#27;[37m-->&amp#27;[39m &amp#27;[37mPOST&amp#27;[39m &amp#27;[37m/wd/hub/session/b8746245-ee34-458b-8285-13e9a43c7aed/element&amp#27;[39m
&amp#27;[35m[HTTP]&amp#27;[39m &amp#27;[90m{"using":"id","value":"flipboard.app:id/first_launch_get_started_button"}&amp#27;[39m
[debug] &amp#27;[35m[W3C (b8746245)]&amp#27;[39m Calling AppiumDriver.findElement() with args: ["id","flipboard.app:id/first_launch_get_started_button","b8746245-ee34-458b-8285-13e9a43c7aed"]
[debug] &amp#27;[35m[BaseDriver]&amp#27;[39m Valid locator strategies for this request: xpath, id, class name, accessibility id, css selector, -android uiautomator
[debug] &amp#27;[35m[BaseDriver]&amp#27;[39m Waiting up to 0 ms for condition
[debug] &amp#27;[35m[WD Proxy]&amp#27;[39m Matched '/element' to command name 'findElement'
[debug] &amp#27;[35m[WD Proxy]&amp#27;[39m Proxying [POST /element] to [POST http://127.0.0.1:8200/wd/hub/session/c7f4f09e-657e-4279-a71c-4db4d836d44d/element] with body: {"strategy":"id","selector":"flipboard.app:id/first_launch_get_started_button","context":"","multiple":false}
[debug] &amp#27;[35m[WD Proxy]&amp#27;[39m Got response with status 200: {"sessionId":"c7f4f09e-657e-4279-a71c-4db4d836d44d","value":{"ELEMENT":"00000000-0000-07f5-ffff-ffff00000011","element-6066-11e4-a52e-4f735466cecf":"00000000-0000-07f5-ffff-ffff00000011"}}
[debug] &amp#27;[35m[W3C (b8746245)]&amp#27;[39m Responding to client with driver.findElement() result: {"element-6066-11e4-a52e-4f735466cecf":"00000000-0000-07f5-ffff-ffff00000011","ELEMENT":"00000000-0000-07f5-ffff-ffff00000011"}
&amp#27;[35m[HTTP]&amp#27;[39m &amp#27;[37m<-- POST /wd/hub/session/b8746245-ee34-458b-8285-13e9a43c7aed/element &amp#27;[39m&amp#27;[32m200&amp#27;[39m &amp#27;[90m596 ms - 137&amp#27;[39m
&amp#27;[35m[HTTP]&amp#27;[39m &amp#27;[90m&amp#27;[39m
&amp#27;[35m[HTTP]&amp#27;[39m &amp#27;[37m-->&amp#27;[39m &amp#27;[37mPOST&amp#27;[39m &amp#27;[37m/wd/hub/session/b8746245-ee34-458b-8285-13e9a43c7aed/element/00000000-0000-07f5-ffff-ffff00000011/click&amp#27;[39m
&amp#27;[35m[HTTP]&amp#27;[39m &amp#27;[90m{"id":"00000000-0000-07f5-ffff-ffff00000011"}&amp#27;[39m
[debug] &amp#27;[35m[W3C (b8746245)]&amp#27;[39m Calling AppiumDriver.click() with args: ["00000000-0000-07f5-ffff-ffff00000011","b8746245-ee34-458b-8285-13e9a43c7aed"]
[debug] &amp#27;[35m[WD Proxy]&amp#27;[39m Matched '/element/00000000-0000-07f5-ffff-ffff00000011/click' to command name 'click'
[debug] &amp#27;[35m[WD Proxy]&amp#27;[39m Proxying [POST /element/00000000-0000-07f5-ffff-ffff00000011/click] to [POST http://127.0.0.1:8200/wd/hub/session/c7f4f09e-657e-4279-a71c-4db4d836d44d/element/00000000-0000-07f5-ffff-ffff00000011/click] with body: {"element":"00000000-0000-07f5-ffff-ffff00000011"}
[debug] &amp#27;[35m[WD Proxy]&amp#27;[39m Got response with status 200: {"sessionId":"c7f4f09e-657e-4279-a71c-4db4d836d44d","value":null}
[debug] &amp#27;[35m[W3C (b8746245)]&amp#27;[39m Responding to client with driver.click() result: null
&amp#27;[35m[HTTP]&amp#27;[39m &amp#27;[37m<-- POST /wd/hub/session/b8746245-ee34-458b-8285-13e9a43c7aed/element/00000000-0000-07f5-ffff-ffff00000011/click &amp#27;[39m&amp#27;[32m200&amp#27;[39m &amp#27;[90m592 ms - 14&amp#27;[39m
&amp#27;[35m[HTTP]&amp#27;[39m &amp#27;[90m&amp#27;[39m
&amp#27;[35m[HTTP]&amp#27;[39m &amp#27;[37m-->&amp#27;[39m &amp#27;[37mGET&amp#27;[39m &amp#27;[37m/wd/hub/session/b8746245-ee34-458b-8285-13e9a43c7aed/context&amp#27;[39m
&amp#27;[35m[HTTP]&amp#27;[39m &amp#27;[90m{}&amp#27;[39m
[debug] &amp#27;[35m[W3C (b8746245)]&amp#27;[39m Calling AppiumDriver.getCurrentContext() with args: ["b8746245-ee34-458b-8285-13e9a43c7aed"]
[debug] &amp#27;[35m[W3C (b8746245)]&amp#27;[39m Responding to client with driver.getCurrentContext() result: "NATIVE_APP"
&amp#27;[35m[HTTP]&amp#27;[39m &amp#27;[37m<-- GET /wd/hub/session/b8746245-ee34-458b-8285-13e9a43c7aed/context &amp#27;[39m&amp#27;[32m200&amp#27;[39m &amp#27;[90m14 ms - 22&amp#27;[39m
&amp#27;[35m[HTTP]&amp#27;[39m &amp#27;[90m&amp#27;[39m
&amp#27;[35m[HTTP]&amp#27;[39m &amp#27;[37m-->&amp#27;[39m &amp#27;[37mPOST&amp#27;[39m &amp#27;[37m/wd/hub/session/b8746245-ee34-458b-8285-13e9a43c7aed/elements&amp#27;[39m
&amp#27;[35m[HTTP]&amp#27;[39m &amp#27;[90m{"using":"id","value":"flipboard.app:id/topic_picker_topic_row_topic_tag"}&amp#27;[39m
[debug] &amp#27;[35m[W3C (b8746245)]&amp#27;[39m Calling AppiumDriver.findElements() with args: ["id","flipboard.app:id/topic_picker_topic_row_topic_tag","b8746245-ee34-458b-8285-13e9a43c7aed"]
[debug] &amp#27;[35m[BaseDriver]&amp#27;[39m Valid locator strategies for this request: xpath, id, class name, accessibility id, css selector, -android uiautomator
[debug] &amp#27;[35m[BaseDriver]&amp#27;[39m Waiting up to 0 ms for condition
[debug] &amp#27;[35m[WD Proxy]&amp#27;[39m Matched '/elements' to command name 'findElements'
[debug] &amp#27;[35m[WD Proxy]&amp#27;[39m Proxying [POST /elements] to [POST http://127.0.0.1:8200/wd/hub/session/c7f4f09e-657e-4279-a71c-4db4d836d44d/elements] with body: {"strategy":"id","selector":"flipboard.app:id/topic_picker_topic_row_topic_tag","context":"","multiple":true}
[debug] &amp#27;[35m[WD Proxy]&amp#27;[39m Got response with status 200: {"sessionId":"c7f4f09e-657e-4279-a71c-4db4d836d44d","value":[{"ELEMENT":"00000000-0000-07f6-ffff-ffff00000038","element-6066-11e4-a52e-4f735466cecf":"00000000-0000-07f6-ffff-ffff00000038"},{"ELEMENT":"00000000-0000-07f6-ffff-ffff0000003a","element-6066-11e4-a52e-4f735466cecf":"00000000-0000-07f6-ffff-ffff0000003a"},{"ELEMENT":"00000000-0000-07f6-ffff-ffff0000003c","element-6066-11e4-a52e-4f735466cecf":"00000000-0000-07f6-ffff-ffff0000003c"},{"ELEMENT":"00000000-0000-07f6-ffff-ffff00000040","element-6066-11e4-a52e-4f735466cecf":"00000000-0000-07f6-ffff-ffff00000040"},{"ELEMENT":"00000000-0000-07f6-ffff-ffff00000042","element-6066-11e4-a52e-4f735466cecf":"00000000-0000-07f6-ffff-ffff00000042"},{"ELEMENT":"00000000-0000-07f6-ffff-ffff00000044","element-6066-11e4-a52e-4f735466cecf":"00000000-0000-07f6-ffff-ffff00000044"},{"ELEMENT":"00000000-0000-07f6-ffff-ffff00000048","element-6066-11e4-a52e-4f735466cecf":"00000000-0000-07f6-ffff-ffff00000048"},{"ELEMENT":"00000000-0000-07f6-ffff-ffff0000004a","element-6066-...
[debug] &amp#27;[35m[W3C (b8746245)]&amp#27;[39m Responding to client with driver.findElements() result: [{"element-6066-11e4-a52e-4f735466cecf":"00000000-0000-07f6-ffff-ffff00000038","ELEMENT":"00000000-0000-07f6-ffff-ffff00000038"},{"element-6066-11e4-a52e-4f735466cecf":"00000000-0000-07f6-ffff-ffff0000003a","ELEMENT":"00000000-0000-07f6-ffff-ffff0000003a"},{"element-6066-11e4-a52e-4f735466cecf":"00000000-0000-07f6-ffff-ffff0000003c","ELEMENT":"00000000-0000-07f6-ffff-ffff0000003c"},{"element-6066-11e4-a52e-4f735466cecf":"00000000-0000-07f6-ffff-ffff00000040","ELEMENT":"00000000-0000-07f6-ffff-ffff00000040"},{"element-6066-11e4-a52e-4f735466cecf":"00000000-0000-07f6-ffff-ffff00000042","ELEMENT":"00000000-0000-07f6-ffff-ffff00000042"},{"element-6066-11e4-a52e-4f735466cecf":"00000000-0000-07f6-ffff-ffff00000044","ELEMENT":"00000000-0000-07f6-ffff-ffff00000044"},{"element-6066-11e4-a52e-4f735466cecf":"00000000-0000-07f6-ffff-ffff00000048","ELEMENT":"00000000-0000-07f6-ffff-ffff00000048"},{"element-6066-11e4-a52e-4f735466cecf":"00000000-0000-07f6-ffff-ffff0000004a","ELEMENT":"00000000-0000-07f6-ffff-ffff0000004...
&amp#27;[35m[HTTP]&amp#27;[39m &amp#27;[37m<-- POST /wd/hub/session/b8746245-ee34-458b-8285-13e9a43c7aed/elements &amp#27;[39m&amp#27;[32m200&amp#27;[39m &amp#27;[90m1018 ms - 3339&amp#27;[39m
&amp#27;[35m[HTTP]&amp#27;[39m &amp#27;[90m&amp#27;[39m
&amp#27;[35m[HTTP]&amp#27;[39m &amp#27;[37m-->&amp#27;[39m &amp#27;[37mPOST&amp#27;[39m &amp#27;[37m/wd/hub/session/b8746245-ee34-458b-8285-13e9a43c7aed/element/00000000-0000-07f6-ffff-ffff00000038/click&amp#27;[39m
&amp#27;[35m[HTTP]&amp#27;[39m &amp#27;[90m{"id":"00000000-0000-07f6-ffff-ffff00000038"}&amp#27;[39m
[debug] &amp#27;[35m[W3C (b8746245)]&amp#27;[39m Calling AppiumDriver.click() with args: ["00000000-0000-07f6-ffff-ffff00000038","b8746245-ee34-458b-8285-13e9a43c7aed"]
[debug] &amp#27;[35m[WD Proxy]&amp#27;[39m Matched '/element/00000000-0000-07f6-ffff-ffff00000038/click' to command name 'click'
[debug] &amp#27;[35m[WD Proxy]&amp#27;[39m Proxying [POST /element/00000000-0000-07f6-ffff-ffff00000038/click] to [POST http://127.0.0.1:8200/wd/hub/session/c7f4f09e-657e-4279-a71c-4db4d836d44d/element/00000000-0000-07f6-ffff-ffff00000038/click] with body: {"element":"00000000-0000-07f6-ffff-ffff00000038"}
[debug] &amp#27;[35m[WD Proxy]&amp#27;[39m Got response with status 200: {"sessionId":"c7f4f09e-657e-4279-a71c-4db4d836d44d","value":null}
[debug] &amp#27;[35m[W3C (b8746245)]&amp#27;[39m Responding to client with driver.click() result: null
&amp#27;[35m[HTTP]&amp#27;[39m &amp#27;[37m<-- POST /wd/hub/session/b8746245-ee34-458b-8285-13e9a43c7aed/element/00000000-0000-07f6-ffff-ffff00000038/click &amp#27;[39m&amp#27;[32m200&amp#27;[39m &amp#27;[90m658 ms - 14&amp#27;[39m
&amp#27;[35m[HTTP]&amp#27;[39m &amp#27;[90m&amp#27;[39m
&amp#27;[35m[HTTP]&amp#27;[39m &amp#27;[37m-->&amp#27;[39m &amp#27;[37mGET&amp#27;[39m &amp#27;[37m/wd/hub/session/b8746245-ee34-458b-8285-13e9a43c7aed/context&amp#27;[39m
&amp#27;[35m[HTTP]&amp#27;[39m &amp#27;[90m{}&amp#27;[39m
[debug] &amp#27;[35m[W3C (b8746245)]&amp#27;[39m Calling AppiumDriver.getCurrentContext() with args: ["b8746245-ee34-458b-8285-13e9a43c7aed"]
[debug] &amp#27;[35m[W3C (b8746245)]&amp#27;[39m Responding to client with driver.getCurrentContext() result: "NATIVE_APP"
&amp#27;[35m[HTTP]&amp#27;[39m &amp#27;[37m<-- GET /wd/hub/session/b8746245-ee34-458b-8285-13e9a43c7aed/context &amp#27;[39m&amp#27;[32m200&amp#27;[39m &amp#27;[90m6 ms - 22&amp#27;[39m
&amp#27;[35m[HTTP]&amp#27;[39m &amp#27;[90m&amp#27;[39m
&amp#27;[35m[HTTP]&amp#27;[39m &amp#27;[37m-->&amp#27;[39m &amp#27;[37mPOST&amp#27;[39m &amp#27;[37m/wd/hub/session/b8746245-ee34-458b-8285-13e9a43c7aed/elements&amp#27;[39m
&amp#27;[35m[HTTP]&amp#27;[39m &amp#27;[90m{"using":"id","value":"flipboard.app:id/topic_picker_topic_row_topic_tag"}&amp#27;[39m
[debug] &amp#27;[35m[W3C (b8746245)]&amp#27;[39m Calling AppiumDriver.findElements() with args: ["id","flipboard.app:id/topic_picker_topic_row_topic_tag","b8746245-ee34-458b-8285-13e9a43c7aed"]
[debug] &amp#27;[35m[BaseDriver]&amp#27;[39m Valid locator strategies for this request: xpath, id, class name, accessibility id, css selector, -android uiautomator
[debug] &amp#27;[35m[BaseDriver]&amp#27;[39m Waiting up to 0 ms for condition
[debug] &amp#27;[35m[WD Proxy]&amp#27;[39m Matched '/elements' to command name 'findElements'
[debug] &amp#27;[35m[WD Proxy]&amp#27;[39m Proxying [POST /elements] to [POST http://127.0.0.1:8200/wd/hub/session/c7f4f09e-657e-4279-a71c-4db4d836d44d/elements] with body: {"strategy":"id","selector":"flipboard.app:id/topic_picker_topic_row_topic_tag","context":"","multiple":true}
[debug] &amp#27;[35m[WD Proxy]&amp#27;[39m Got response with status 200: {"sessionId":"c7f4f09e-657e-4279-a71c-4db4d836d44d","value":[{"ELEMENT":"00000000-0000-07f6-ffff-ffff00000038","element-6066-11e4-a52e-4f735466cecf":"00000000-0000-07f6-ffff-ffff00000038"},{"ELEMENT":"00000000-0000-07f6-ffff-ffff0000003a","element-6066-11e4-a52e-4f735466cecf":"00000000-0000-07f6-ffff-ffff0000003a"},{"ELEMENT":"00000000-0000-07f6-ffff-ffff0000003c","element-6066-11e4-a52e-4f735466cecf":"00000000-0000-07f6-ffff-ffff0000003c"},{"ELEMENT":"00000000-0000-07f6-ffff-ffff00000040","element-6066-11e4-a52e-4f735466cecf":"00000000-0000-07f6-ffff-ffff00000040"},{"ELEMENT":"00000000-0000-07f6-ffff-ffff00000042","element-6066-11e4-a52e-4f735466cecf":"00000000-0000-07f6-ffff-ffff00000042"},{"ELEMENT":"00000000-0000-07f6-ffff-ffff00000044","element-6066-11e4-a52e-4f735466cecf":"00000000-0000-07f6-ffff-ffff00000044"},{"ELEMENT":"00000000-0000-07f6-ffff-ffff00000048","element-6066-11e4-a52e-4f735466cecf":"00000000-0000-07f6-ffff-ffff00000048"},{"ELEMENT":"00000000-0000-07f6-ffff-ffff0000004a","element-6066-...
[debug] &amp#27;[35m[W3C (b8746245)]&amp#27;[39m Responding to client with driver.findElements() result: [{"element-6066-11e4-a52e-4f735466cecf":"00000000-0000-07f6-ffff-ffff00000038","ELEMENT":"00000000-0000-07f6-ffff-ffff00000038"},{"element-6066-11e4-a52e-4f735466cecf":"00000000-0000-07f6-ffff-ffff0000003a","ELEMENT":"00000000-0000-07f6-ffff-ffff0000003a"},{"element-6066-11e4-a52e-4f735466cecf":"00000000-0000-07f6-ffff-ffff0000003c","ELEMENT":"00000000-0000-07f6-ffff-ffff0000003c"},{"element-6066-11e4-a52e-4f735466cecf":"00000000-0000-07f6-ffff-ffff00000040","ELEMENT":"00000000-0000-07f6-ffff-ffff00000040"},{"element-6066-11e4-a52e-4f735466cecf":"00000000-0000-07f6-ffff-ffff00000042","ELEMENT":"00000000-0000-07f6-ffff-ffff00000042"},{"element-6066-11e4-a52e-4f735466cecf":"00000000-0000-07f6-ffff-ffff00000044","ELEMENT":"00000000-0000-07f6-ffff-ffff00000044"},{"element-6066-11e4-a52e-4f735466cecf":"00000000-0000-07f6-ffff-ffff00000048","ELEMENT":"00000000-0000-07f6-ffff-ffff00000048"},{"element-6066-11e4-a52e-4f735466cecf":"00000000-0000-07f6-ffff-ffff0000004a","ELEMENT":"00000000-0000-07f6-ffff-ffff0000004...
&amp#27;[35m[HTTP]&amp#27;[39m &amp#27;[37m<-- POST /wd/hub/session/b8746245-ee34-458b-8285-13e9a43c7aed/elements &amp#27;[39m&amp#27;[32m200&amp#27;[39m &amp#27;[90m132 ms - 3339&amp#27;[39m
&amp#27;[35m[HTTP]&amp#27;[39m &amp#27;[90m&amp#27;[39m
&amp#27;[35m[HTTP]&amp#27;[39m &amp#27;[37m-->&amp#27;[39m &amp#27;[37mGET&amp#27;[39m &amp#27;[37m/wd/hub/session/b8746245-ee34-458b-8285-13e9a43c7aed/element/00000000-0000-07f6-ffff-ffff00000038/text&amp#27;[39m
&amp#27;[35m[HTTP]&amp#27;[39m &amp#27;[90m{}&amp#27;[39m
&amp#27;[35m[W3C (b8746245)]&amp#27;[39m Driver proxy active, passing request on via HTTP proxy
[debug] &amp#27;[35m[WD Proxy]&amp#27;[39m Matched '/wd/hub/session/b8746245-ee34-458b-8285-13e9a43c7aed/element/00000000-0000-07f6-ffff-ffff00000038/text' to command name 'getText'
[debug] &amp#27;[35m[WD Proxy]&amp#27;[39m Proxying [GET /wd/hub/session/b8746245-ee34-458b-8285-13e9a43c7aed/element/00000000-0000-07f6-ffff-ffff00000038/text] to [GET http://127.0.0.1:8200/wd/hub/session/c7f4f09e-657e-4279-a71c-4db4d836d44d/element/00000000-0000-07f6-ffff-ffff00000038/text] with no body
[debug] &amp#27;[35m[WD Proxy]&amp#27;[39m Got response with status 200: {"sessionId":"c7f4f09e-657e-4279-a71c-4db4d836d44d","value":"# SCIENCE"}
&amp#27;[35m[WD Proxy]&amp#27;[39m Replacing sessionId c7f4f09e-657e-4279-a71c-4db4d836d44d with b8746245-ee34-458b-8285-13e9a43c7aed
&amp#27;[35m[HTTP]&amp#27;[39m &amp#27;[37m<-- GET /wd/hub/session/b8746245-ee34-458b-8285-13e9a43c7aed/element/00000000-0000-07f6-ffff-ffff00000038/text &amp#27;[39m&amp#27;[32m200&amp#27;[39m &amp#27;[90m486 ms - 72&amp#27;[39m
&amp#27;[35m[HTTP]&amp#27;[39m &amp#27;[90m&amp#27;[39m
&amp#27;[35m[HTTP]&amp#27;[39m &amp#27;[37m-->&amp#27;[39m &amp#27;[37mGET&amp#27;[39m &amp#27;[37m/wd/hub/session/b8746245-ee34-458b-8285-13e9a43c7aed/context&amp#27;[39m
&amp#27;[35m[HTTP]&amp#27;[39m &amp#27;[90m{}&amp#27;[39m
[debug] &amp#27;[35m[W3C (b8746245)]&amp#27;[39m Calling AppiumDriver.getCurrentContext() with args: ["b8746245-ee34-458b-8285-13e9a43c7aed"]
[debug] &amp#27;[35m[W3C (b8746245)]&amp#27;[39m Responding to client with driver.getCurrentContext() result: "NATIVE_APP"
&amp#27;[35m[HTTP]&amp#27;[39m &amp#27;[37m<-- GET /wd/hub/session/b8746245-ee34-458b-8285-13e9a43c7aed/context &amp#27;[39m&amp#27;[32m200&amp#27;[39m &amp#27;[90m8 ms - 22&amp#27;[39m
&amp#27;[35m[HTTP]&amp#27;[39m &amp#27;[90m&amp#27;[39m
&amp#27;[35m[HTTP]&amp#27;[39m &amp#27;[37m-->&amp#27;[39m &amp#27;[37mPOST&amp#27;[39m &amp#27;[37m/wd/hub/session/b8746245-ee34-458b-8285-13e9a43c7aed/elements&amp#27;[39m
&amp#27;[35m[HTTP]&amp#27;[39m &amp#27;[90m{"using":"id","value":"flipboard.app:id/topic_picker_topic_row_topic_tag"}&amp#27;[39m
[debug] &amp#27;[35m[W3C (b8746245)]&amp#27;[39m Calling AppiumDriver.findElements() with args: ["id","flipboard.app:id/topic_picker_topic_row_topic_tag","b8746245-ee34-458b-8285-13e9a43c7aed"]
[debug] &amp#27;[35m[BaseDriver]&amp#27;[39m Valid locator strategies for this request: xpath, id, class name, accessibility id, css selector, -android uiautomator
[debug] &amp#27;[35m[BaseDriver]&amp#27;[39m Waiting up to 0 ms for condition
[debug] &amp#27;[35m[WD Proxy]&amp#27;[39m Matched '/elements' to command name 'findElements'
[debug] &amp#27;[35m[WD Proxy]&amp#27;[39m Proxying [POST /elements] to [POST http://127.0.0.1:8200/wd/hub/session/c7f4f09e-657e-4279-a71c-4db4d836d44d/elements] with body: {"strategy":"id","selector":"flipboard.app:id/topic_picker_topic_row_topic_tag","context":"","multiple":true}
[debug] &amp#27;[35m[WD Proxy]&amp#27;[39m Got response with status 200: {"sessionId":"c7f4f09e-657e-4279-a71c-4db4d836d44d","value":[{"ELEMENT":"00000000-0000-07f6-ffff-ffff00000038","element-6066-11e4-a52e-4f735466cecf":"00000000-0000-07f6-ffff-ffff00000038"},{"ELEMENT":"00000000-0000-07f6-ffff-ffff0000003a","element-6066-11e4-a52e-4f735466cecf":"00000000-0000-07f6-ffff-ffff0000003a"},{"ELEMENT":"00000000-0000-07f6-ffff-ffff0000003c","element-6066-11e4-a52e-4f735466cecf":"00000000-0000-07f6-ffff-ffff0000003c"},{"ELEMENT":"00000000-0000-07f6-ffff-ffff00000040","element-6066-11e4-a52e-4f735466cecf":"00000000-0000-07f6-ffff-ffff00000040"},{"ELEMENT":"00000000-0000-07f6-ffff-ffff00000042","element-6066-11e4-a52e-4f735466cecf":"00000000-0000-07f6-ffff-ffff00000042"},{"ELEMENT":"00000000-0000-07f6-ffff-ffff00000044","element-6066-11e4-a52e-4f735466cecf":"00000000-0000-07f6-ffff-ffff00000044"},{"ELEMENT":"00000000-0000-07f6-ffff-ffff00000048","element-6066-11e4-a52e-4f735466cecf":"00000000-0000-07f6-ffff-ffff00000048"},{"ELEMENT":"00000000-0000-07f6-ffff-ffff0000004a","element-6066-...
[debug] &amp#27;[35m[W3C (b8746245)]&amp#27;[39m Responding to client with driver.findElements() result: [{"element-6066-11e4-a52e-4f735466cecf":"00000000-0000-07f6-ffff-ffff00000038","ELEMENT":"00000000-0000-07f6-ffff-ffff00000038"},{"element-6066-11e4-a52e-4f735466cecf":"00000000-0000-07f6-ffff-ffff0000003a","ELEMENT":"00000000-0000-07f6-ffff-ffff0000003a"},{"element-6066-11e4-a52e-4f735466cecf":"00000000-0000-07f6-ffff-ffff0000003c","ELEMENT":"00000000-0000-07f6-ffff-ffff0000003c"},{"element-6066-11e4-a52e-4f735466cecf":"00000000-0000-07f6-ffff-ffff00000040","ELEMENT":"00000000-0000-07f6-ffff-ffff00000040"},{"element-6066-11e4-a52e-4f735466cecf":"00000000-0000-07f6-ffff-ffff00000042","ELEMENT":"00000000-0000-07f6-ffff-ffff00000042"},{"element-6066-11e4-a52e-4f735466cecf":"00000000-0000-07f6-ffff-ffff00000044","ELEMENT":"00000000-0000-07f6-ffff-ffff00000044"},{"element-6066-11e4-a52e-4f735466cecf":"00000000-0000-07f6-ffff-ffff00000048","ELEMENT":"00000000-0000-07f6-ffff-ffff00000048"},{"element-6066-11e4-a52e-4f735466cecf":"00000000-0000-07f6-ffff-ffff0000004a","ELEMENT":"00000000-0000-07f6-ffff-ffff0000004...
&amp#27;[35m[HTTP]&amp#27;[39m &amp#27;[37m<-- POST /wd/hub/session/b8746245-ee34-458b-8285-13e9a43c7aed/elements &amp#27;[39m&amp#27;[32m200&amp#27;[39m &amp#27;[90m133 ms - 3339&amp#27;[39m
&amp#27;[35m[HTTP]&amp#27;[39m &amp#27;[90m&amp#27;[39m
&amp#27;[35m[HTTP]&amp#27;[39m &amp#27;[37m-->&amp#27;[39m &amp#27;[37mPOST&amp#27;[39m &amp#27;[37m/wd/hub/session/b8746245-ee34-458b-8285-13e9a43c7aed/element/00000000-0000-07f6-ffff-ffff0000003a/click&amp#27;[39m
&amp#27;[35m[HTTP]&amp#27;[39m &amp#27;[90m{"id":"00000000-0000-07f6-ffff-ffff0000003a"}&amp#27;[39m
[debug] &amp#27;[35m[W3C (b8746245)]&amp#27;[39m Calling AppiumDriver.click() with args: ["00000000-0000-07f6-ffff-ffff0000003a","b8746245-ee34-458b-8285-13e9a43c7aed"]
[debug] &amp#27;[35m[WD Proxy]&amp#27;[39m Matched '/element/00000000-0000-07f6-ffff-ffff0000003a/click' to command name 'click'
[debug] &amp#27;[35m[WD Proxy]&amp#27;[39m Proxying [POST /element/00000000-0000-07f6-ffff-ffff0000003a/click] to [POST http://127.0.0.1:8200/wd/hub/session/c7f4f09e-657e-4279-a71c-4db4d836d44d/element/00000000-0000-07f6-ffff-ffff0000003a/click] with body: {"element":"00000000-0000-07f6-ffff-ffff0000003a"}
[debug] &amp#27;[35m[WD Proxy]&amp#27;[39m Got response with status 200: {"sessionId":"c7f4f09e-657e-4279-a71c-4db4d836d44d","value":null}
[debug] &amp#27;[35m[W3C (b8746245)]&amp#27;[39m Responding to client with driver.click() result: null
&amp#27;[35m[HTTP]&amp#27;[39m &amp#27;[37m<-- POST /wd/hub/session/b8746245-ee34-458b-8285-13e9a43c7aed/element/00000000-0000-07f6-ffff-ffff0000003a/click &amp#27;[39m&amp#27;[32m200&amp#27;[39m &amp#27;[90m557 ms - 14&amp#27;[39m
&amp#27;[35m[HTTP]&amp#27;[39m &amp#27;[90m&amp#27;[39m
&amp#27;[35m[HTTP]&amp#27;[39m &amp#27;[37m-->&amp#27;[39m &amp#27;[37mGET&amp#27;[39m &amp#27;[37m/wd/hub/session/b8746245-ee34-458b-8285-13e9a43c7aed/context&amp#27;[39m
&amp#27;[35m[HTTP]&amp#27;[39m &amp#27;[90m{}&amp#27;[39m
[debug] &amp#27;[35m[W3C (b8746245)]&amp#27;[39m Calling AppiumDriver.getCurrentContext() with args: ["b8746245-ee34-458b-8285-13e9a43c7aed"]
[debug] &amp#27;[35m[W3C (b8746245)]&amp#27;[39m Responding to client with driver.getCurrentContext() result: "NATIVE_APP"
&amp#27;[35m[HTTP]&amp#27;[39m &amp#27;[37m<-- GET /wd/hub/session/b8746245-ee34-458b-8285-13e9a43c7aed/context &amp#27;[39m&amp#27;[32m200&amp#27;[39m &amp#27;[90m10 ms - 22&amp#27;[39m
&amp#27;[35m[HTTP]&amp#27;[39m &amp#27;[90m&amp#27;[39m
&amp#27;[35m[HTTP]&amp#27;[39m &amp#27;[37m-->&amp#27;[39m &amp#27;[37mPOST&amp#27;[39m &amp#27;[37m/wd/hub/session/b8746245-ee34-458b-8285-13e9a43c7aed/elements&amp#27;[39m
&amp#27;[35m[HTTP]&amp#27;[39m &amp#27;[90m{"using":"id","value":"flipboard.app:id/topic_picker_topic_row_topic_tag"}&amp#27;[39m
[debug] &amp#27;[35m[W3C (b8746245)]&amp#27;[39m Calling AppiumDriver.findElements() with args: ["id","flipboard.app:id/topic_picker_topic_row_topic_tag","b8746245-ee34-458b-8285-13e9a43c7aed"]
[debug] &amp#27;[35m[BaseDriver]&amp#27;[39m Valid locator strategies for this request: xpath, id, class name, accessibility id, css selector, -android uiautomator
[debug] &amp#27;[35m[BaseDriver]&amp#27;[39m Waiting up to 0 ms for condition
[debug] &amp#27;[35m[WD Proxy]&amp#27;[39m Matched '/elements' to command name 'findElements'
[debug] &amp#27;[35m[WD Proxy]&amp#27;[39m Proxying [POST /elements] to [POST http://127.0.0.1:8200/wd/hub/session/c7f4f09e-657e-4279-a71c-4db4d836d44d/elements] with body: {"strategy":"id","selector":"flipboard.app:id/topic_picker_topic_row_topic_tag","context":"","multiple":true}
[debug] &amp#27;[35m[WD Proxy]&amp#27;[39m Got response with status 200: {"sessionId":"c7f4f09e-657e-4279-a71c-4db4d836d44d","value":[{"ELEMENT":"00000000-0000-07f6-ffff-ffff00000038","element-6066-11e4-a52e-4f735466cecf":"00000000-0000-07f6-ffff-ffff00000038"},{"ELEMENT":"00000000-0000-07f6-ffff-ffff0000003a","element-6066-11e4-a52e-4f735466cecf":"00000000-0000-07f6-ffff-ffff0000003a"},{"ELEMENT":"00000000-0000-07f6-ffff-ffff0000003c","element-6066-11e4-a52e-4f735466cecf":"00000000-0000-07f6-ffff-ffff0000003c"},{"ELEMENT":"00000000-0000-07f6-ffff-ffff00000040","element-6066-11e4-a52e-4f735466cecf":"00000000-0000-07f6-ffff-ffff00000040"},{"ELEMENT":"00000000-0000-07f6-ffff-ffff00000042","element-6066-11e4-a52e-4f735466cecf":"00000000-0000-07f6-ffff-ffff00000042"},{"ELEMENT":"00000000-0000-07f6-ffff-ffff00000044","element-6066-11e4-a52e-4f735466cecf":"00000000-0000-07f6-ffff-ffff00000044"},{"ELEMENT":"00000000-0000-07f6-ffff-ffff00000048","element-6066-11e4-a52e-4f735466cecf":"00000000-0000-07f6-ffff-ffff00000048"},{"ELEMENT":"00000000-0000-07f6-ffff-ffff0000004a","element-6066-...
[debug] &amp#27;[35m[W3C (b8746245)]&amp#27;[39m Responding to client with driver.findElements() result: [{"element-6066-11e4-a52e-4f735466cecf":"00000000-0000-07f6-ffff-ffff00000038","ELEMENT":"00000000-0000-07f6-ffff-ffff00000038"},{"element-6066-11e4-a52e-4f735466cecf":"00000000-0000-07f6-ffff-ffff0000003a","ELEMENT":"00000000-0000-07f6-ffff-ffff0000003a"},{"element-6066-11e4-a52e-4f735466cecf":"00000000-0000-07f6-ffff-ffff0000003c","ELEMENT":"00000000-0000-07f6-ffff-ffff0000003c"},{"element-6066-11e4-a52e-4f735466cecf":"00000000-0000-07f6-ffff-ffff00000040","ELEMENT":"00000000-0000-07f6-ffff-ffff00000040"},{"element-6066-11e4-a52e-4f735466cecf":"00000000-0000-07f6-ffff-ffff00000042","ELEMENT":"00000000-0000-07f6-ffff-ffff00000042"},{"element-6066-11e4-a52e-4f735466cecf":"00000000-0000-07f6-ffff-ffff00000044","ELEMENT":"00000000-0000-07f6-ffff-ffff00000044"},{"element-6066-11e4-a52e-4f735466cecf":"00000000-0000-07f6-ffff-ffff00000048","ELEMENT":"00000000-0000-07f6-ffff-ffff00000048"},{"element-6066-11e4-a52e-4f735466cecf":"00000000-0000-07f6-ffff-ffff0000004a","ELEMENT":"00000000-0000-07f6-ffff-ffff0000004...
&amp#27;[35m[HTTP]&amp#27;[39m &amp#27;[37m<-- POST /wd/hub/session/b8746245-ee34-458b-8285-13e9a43c7aed/elements &amp#27;[39m&amp#27;[32m200&amp#27;[39m &amp#27;[90m129 ms - 3339&amp#27;[39m
&amp#27;[35m[HTTP]&amp#27;[39m &amp#27;[90m&amp#27;[39m
&amp#27;[35m[HTTP]&amp#27;[39m &amp#27;[37m-->&amp#27;[39m &amp#27;[37mGET&amp#27;[39m &amp#27;[37m/wd/hub/session/b8746245-ee34-458b-8285-13e9a43c7aed/element/00000000-0000-07f6-ffff-ffff0000003a/text&amp#27;[39m
&amp#27;[35m[HTTP]&amp#27;[39m &amp#27;[90m{}&amp#27;[39m
&amp#27;[35m[W3C (b8746245)]&amp#27;[39m Driver proxy active, passing request on via HTTP proxy
[debug] &amp#27;[35m[WD Proxy]&amp#27;[39m Matched '/wd/hub/session/b8746245-ee34-458b-8285-13e9a43c7aed/element/00000000-0000-07f6-ffff-ffff0000003a/text' to command name 'getText'
[debug] &amp#27;[35m[WD Proxy]&amp#27;[39m Proxying [GET /wd/hub/session/b8746245-ee34-458b-8285-13e9a43c7aed/element/00000000-0000-07f6-ffff-ffff0000003a/text] to [GET http://127.0.0.1:8200/wd/hub/session/c7f4f09e-657e-4279-a71c-4db4d836d44d/element/00000000-0000-07f6-ffff-ffff0000003a/text] with no body
[debug] &amp#27;[35m[WD Proxy]&amp#27;[39m Got response with status 200: {"sessionId":"c7f4f09e-657e-4279-a71c-4db4d836d44d","value":"# NEWS"}
&amp#27;[35m[WD Proxy]&amp#27;[39m Replacing sessionId c7f4f09e-657e-4279-a71c-4db4d836d44d with b8746245-ee34-458b-8285-13e9a43c7aed
&amp#27;[35m[HTTP]&amp#27;[39m &amp#27;[37m<-- GET /wd/hub/session/b8746245-ee34-458b-8285-13e9a43c7aed/element/00000000-0000-07f6-ffff-ffff0000003a/text &amp#27;[39m&amp#27;[32m200&amp#27;[39m &amp#27;[90m34 ms - 69&amp#27;[39m
&amp#27;[35m[HTTP]&amp#27;[39m &amp#27;[90m&amp#27;[39m
&amp#27;[35m[HTTP]&amp#27;[39m &amp#27;[37m-->&amp#27;[39m &amp#27;[37mGET&amp#27;[39m &amp#27;[37m/wd/hub/session/b8746245-ee34-458b-8285-13e9a43c7aed/context&amp#27;[39m
&amp#27;[35m[HTTP]&amp#27;[39m &amp#27;[90m{}&amp#27;[39m
[debug] &amp#27;[35m[W3C (b8746245)]&amp#27;[39m Calling AppiumDriver.getCurrentContext() with args: ["b8746245-ee34-458b-8285-13e9a43c7aed"]
[debug] &amp#27;[35m[W3C (b8746245)]&amp#27;[39m Responding to client with driver.getCurrentContext() result: "NATIVE_APP"
&amp#27;[35m[HTTP]&amp#27;[39m &amp#27;[37m<-- GET /wd/hub/session/b8746245-ee34-458b-8285-13e9a43c7aed/context &amp#27;[39m&amp#27;[32m200&amp#27;[39m &amp#27;[90m8 ms - 22&amp#27;[39m
&amp#27;[35m[HTTP]&amp#27;[39m &amp#27;[90m&amp#27;[39m
&amp#27;[35m[HTTP]&amp#27;[39m &amp#27;[37m-->&amp#27;[39m &amp#27;[37mPOST&amp#27;[39m &amp#27;[37m/wd/hub/session/b8746245-ee34-458b-8285-13e9a43c7aed/elements&amp#27;[39m
&amp#27;[35m[HTTP]&amp#27;[39m &amp#27;[90m{"using":"id","value":"flipboard.app:id/topic_picker_topic_row_topic_tag"}&amp#27;[39m
[debug] &amp#27;[35m[W3C (b8746245)]&amp#27;[39m Calling AppiumDriver.findElements() with args: ["id","flipboard.app:id/topic_picker_topic_row_topic_tag","b8746245-ee34-458b-8285-13e9a43c7aed"]
[debug] &amp#27;[35m[BaseDriver]&amp#27;[39m Valid locator strategies for this request: xpath, id, class name, accessibility id, css selector, -android uiautomator
[debug] &amp#27;[35m[BaseDriver]&amp#27;[39m Waiting up to 0 ms for condition
[debug] &amp#27;[35m[WD Proxy]&amp#27;[39m Matched '/elements' to command name 'findElements'
[debug] &amp#27;[35m[WD Proxy]&amp#27;[39m Proxying [POST /elements] to [POST http://127.0.0.1:8200/wd/hub/session/c7f4f09e-657e-4279-a71c-4db4d836d44d/elements] with body: {"strategy":"id","selector":"flipboard.app:id/topic_picker_topic_row_topic_tag","context":"","multiple":true}
[debug] &amp#27;[35m[WD Proxy]&amp#27;[39m Got response with status 200: {"sessionId":"c7f4f09e-657e-4279-a71c-4db4d836d44d","value":[{"ELEMENT":"00000000-0000-07f6-ffff-ffff00000038","element-6066-11e4-a52e-4f735466cecf":"00000000-0000-07f6-ffff-ffff00000038"},{"ELEMENT":"00000000-0000-07f6-ffff-ffff0000003a","element-6066-11e4-a52e-4f735466cecf":"00000000-0000-07f6-ffff-ffff0000003a"},{"ELEMENT":"00000000-0000-07f6-ffff-ffff0000003c","element-6066-11e4-a52e-4f735466cecf":"00000000-0000-07f6-ffff-ffff0000003c"},{"ELEMENT":"00000000-0000-07f6-ffff-ffff00000040","element-6066-11e4-a52e-4f735466cecf":"00000000-0000-07f6-ffff-ffff00000040"},{"ELEMENT":"00000000-0000-07f6-ffff-ffff00000042","element-6066-11e4-a52e-4f735466cecf":"00000000-0000-07f6-ffff-ffff00000042"},{"ELEMENT":"00000000-0000-07f6-ffff-ffff00000044","element-6066-11e4-a52e-4f735466cecf":"00000000-0000-07f6-ffff-ffff00000044"},{"ELEMENT":"00000000-0000-07f6-ffff-ffff00000048","element-6066-11e4-a52e-4f735466cecf":"00000000-0000-07f6-ffff-ffff00000048"},{"ELEMENT":"00000000-0000-07f6-ffff-ffff0000004a","element-6066-...
[debug] &amp#27;[35m[W3C (b8746245)]&amp#27;[39m Responding to client with driver.findElements() result: [{"element-6066-11e4-a52e-4f735466cecf":"00000000-0000-07f6-ffff-ffff00000038","ELEMENT":"00000000-0000-07f6-ffff-ffff00000038"},{"element-6066-11e4-a52e-4f735466cecf":"00000000-0000-07f6-ffff-ffff0000003a","ELEMENT":"00000000-0000-07f6-ffff-ffff0000003a"},{"element-6066-11e4-a52e-4f735466cecf":"00000000-0000-07f6-ffff-ffff0000003c","ELEMENT":"00000000-0000-07f6-ffff-ffff0000003c"},{"element-6066-11e4-a52e-4f735466cecf":"00000000-0000-07f6-ffff-ffff00000040","ELEMENT":"00000000-0000-07f6-ffff-ffff00000040"},{"element-6066-11e4-a52e-4f735466cecf":"00000000-0000-07f6-ffff-ffff00000042","ELEMENT":"00000000-0000-07f6-ffff-ffff00000042"},{"element-6066-11e4-a52e-4f735466cecf":"00000000-0000-07f6-ffff-ffff00000044","ELEMENT":"00000000-0000-07f6-ffff-ffff00000044"},{"element-6066-11e4-a52e-4f735466cecf":"00000000-0000-07f6-ffff-ffff00000048","ELEMENT":"00000000-0000-07f6-ffff-ffff00000048"},{"element-6066-11e4-a52e-4f735466cecf":"00000000-0000-07f6-ffff-ffff0000004a","ELEMENT":"00000000-0000-07f6-ffff-ffff0000004...
&amp#27;[35m[HTTP]&amp#27;[39m &amp#27;[37m<-- POST /wd/hub/session/b8746245-ee34-458b-8285-13e9a43c7aed/elements &amp#27;[39m&amp#27;[32m200&amp#27;[39m &amp#27;[90m153 ms - 3339&amp#27;[39m
&amp#27;[35m[HTTP]&amp#27;[39m &amp#27;[90m&amp#27;[39m
&amp#27;[35m[HTTP]&amp#27;[39m &amp#27;[37m-->&amp#27;[39m &amp#27;[37mPOST&amp#27;[39m &amp#27;[37m/wd/hub/session/b8746245-ee34-458b-8285-13e9a43c7aed/element/00000000-0000-07f6-ffff-ffff0000003c/click&amp#27;[39m
&amp#27;[35m[HTTP]&amp#27;[39m &amp#27;[90m{"id":"00000000-0000-07f6-ffff-ffff0000003c"}&amp#27;[39m
[debug] &amp#27;[35m[W3C (b8746245)]&amp#27;[39m Calling AppiumDriver.click() with args: ["00000000-0000-07f6-ffff-ffff0000003c","b8746245-ee34-458b-8285-13e9a43c7aed"]
[debug] &amp#27;[35m[WD Proxy]&amp#27;[39m Matched '/element/00000000-0000-07f6-ffff-ffff0000003c/click' to command name 'click'
[debug] &amp#27;[35m[WD Proxy]&amp#27;[39m Proxying [POST /element/00000000-0000-07f6-ffff-ffff0000003c/click] to [POST http://127.0.0.1:8200/wd/hub/session/c7f4f09e-657e-4279-a71c-4db4d836d44d/element/00000000-0000-07f6-ffff-ffff0000003c/click] with body: {"element":"00000000-0000-07f6-ffff-ffff0000003c"}
[debug] &amp#27;[35m[WD Proxy]&amp#27;[39m Got response with status 200: {"sessionId":"c7f4f09e-657e-4279-a71c-4db4d836d44d","value":null}
[debug] &amp#27;[35m[W3C (b8746245)]&amp#27;[39m Responding to client with driver.click() result: null
&amp#27;[35m[HTTP]&amp#27;[39m &amp#27;[37m<-- POST /wd/hub/session/b8746245-ee34-458b-8285-13e9a43c7aed/element/00000000-0000-07f6-ffff-ffff0000003c/click &amp#27;[39m&amp#27;[32m200&amp#27;[39m &amp#27;[90m650 ms - 14&amp#27;[39m
&amp#27;[35m[HTTP]&amp#27;[39m &amp#27;[90m&amp#27;[39m
&amp#27;[35m[HTTP]&amp#27;[39m &amp#27;[37m-->&amp#27;[39m &amp#27;[37mGET&amp#27;[39m &amp#27;[37m/wd/hub/session/b8746245-ee34-458b-8285-13e9a43c7aed/context&amp#27;[39m
&amp#27;[35m[HTTP]&amp#27;[39m &amp#27;[90m{}&amp#27;[39m
[debug] &amp#27;[35m[W3C (b8746245)]&amp#27;[39m Calling AppiumDriver.getCurrentContext() with args: ["b8746245-ee34-458b-8285-13e9a43c7aed"]
[debug] &amp#27;[35m[W3C (b8746245)]&amp#27;[39m Responding to client with driver.getCurrentContext() result: "NATIVE_APP"
&amp#27;[35m[HTTP]&amp#27;[39m &amp#27;[37m<-- GET /wd/hub/session/b8746245-ee34-458b-8285-13e9a43c7aed/context &amp#27;[39m&amp#27;[32m200&amp#27;[39m &amp#27;[90m7 ms - 22&amp#27;[39m
&amp#27;[35m[HTTP]&amp#27;[39m &amp#27;[90m&amp#27;[39m
&amp#27;[35m[HTTP]&amp#27;[39m &amp#27;[37m-->&amp#27;[39m &amp#27;[37mPOST&amp#27;[39m &amp#27;[37m/wd/hub/session/b8746245-ee34-458b-8285-13e9a43c7aed/elements&amp#27;[39m
&amp#27;[35m[HTTP]&amp#27;[39m &amp#27;[90m{"using":"id","value":"flipboard.app:id/topic_picker_topic_row_topic_tag"}&amp#27;[39m
[debug] &amp#27;[35m[W3C (b8746245)]&amp#27;[39m Calling AppiumDriver.findElements() with args: ["id","flipboard.app:id/topic_picker_topic_row_topic_tag","b8746245-ee34-458b-8285-13e9a43c7aed"]
[debug] &amp#27;[35m[BaseDriver]&amp#27;[39m Valid locator strategies for this request: xpath, id, class name, accessibility id, css selector, -android uiautomator
[debug] &amp#27;[35m[BaseDriver]&amp#27;[39m Waiting up to 0 ms for condition
[debug] &amp#27;[35m[WD Proxy]&amp#27;[39m Matched '/elements' to command name 'findElements'
[debug] &amp#27;[35m[WD Proxy]&amp#27;[39m Proxying [POST /elements] to [POST http://127.0.0.1:8200/wd/hub/session/c7f4f09e-657e-4279-a71c-4db4d836d44d/elements] with body: {"strategy":"id","selector":"flipboard.app:id/topic_picker_topic_row_topic_tag","context":"","multiple":true}
[debug] &amp#27;[35m[WD Proxy]&amp#27;[39m Got response with status 200: {"sessionId":"c7f4f09e-657e-4279-a71c-4db4d836d44d","value":[{"ELEMENT":"00000000-0000-07f6-ffff-ffff00000038","element-6066-11e4-a52e-4f735466cecf":"00000000-0000-07f6-ffff-ffff00000038"},{"ELEMENT":"00000000-0000-07f6-ffff-ffff0000003a","element-6066-11e4-a52e-4f735466cecf":"00000000-0000-07f6-ffff-ffff0000003a"},{"ELEMENT":"00000000-0000-07f6-ffff-ffff0000003c","element-6066-11e4-a52e-4f735466cecf":"00000000-0000-07f6-ffff-ffff0000003c"},{"ELEMENT":"00000000-0000-07f6-ffff-ffff00000040","element-6066-11e4-a52e-4f735466cecf":"00000000-0000-07f6-ffff-ffff00000040"},{"ELEMENT":"00000000-0000-07f6-ffff-ffff00000042","element-6066-11e4-a52e-4f735466cecf":"00000000-0000-07f6-ffff-ffff00000042"},{"ELEMENT":"00000000-0000-07f6-ffff-ffff00000044","element-6066-11e4-a52e-4f735466cecf":"00000000-0000-07f6-ffff-ffff00000044"},{"ELEMENT":"00000000-0000-07f6-ffff-ffff00000048","element-6066-11e4-a52e-4f735466cecf":"00000000-0000-07f6-ffff-ffff00000048"},{"ELEMENT":"00000000-0000-07f6-ffff-ffff0000004a","element-6066-...
[debug] &amp#27;[35m[W3C (b8746245)]&amp#27;[39m Responding to client with driver.findElements() result: [{"element-6066-11e4-a52e-4f735466cecf":"00000000-0000-07f6-ffff-ffff00000038","ELEMENT":"00000000-0000-07f6-ffff-ffff00000038"},{"element-6066-11e4-a52e-4f735466cecf":"00000000-0000-07f6-ffff-ffff0000003a","ELEMENT":"00000000-0000-07f6-ffff-ffff0000003a"},{"element-6066-11e4-a52e-4f735466cecf":"00000000-0000-07f6-ffff-ffff0000003c","ELEMENT":"00000000-0000-07f6-ffff-ffff0000003c"},{"element-6066-11e4-a52e-4f735466cecf":"00000000-0000-07f6-ffff-ffff00000040","ELEMENT":"00000000-0000-07f6-ffff-ffff00000040"},{"element-6066-11e4-a52e-4f735466cecf":"00000000-0000-07f6-ffff-ffff00000042","ELEMENT":"00000000-0000-07f6-ffff-ffff00000042"},{"element-6066-11e4-a52e-4f735466cecf":"00000000-0000-07f6-ffff-ffff00000044","ELEMENT":"00000000-0000-07f6-ffff-ffff00000044"},{"element-6066-11e4-a52e-4f735466cecf":"00000000-0000-07f6-ffff-ffff00000048","ELEMENT":"00000000-0000-07f6-ffff-ffff00000048"},{"element-6066-11e4-a52e-4f735466cecf":"00000000-0000-07f6-ffff-ffff0000004a","ELEMENT":"00000000-0000-07f6-ffff-ffff0000004...
&amp#27;[35m[HTTP]&amp#27;[39m &amp#27;[37m<-- POST /wd/hub/session/b8746245-ee34-458b-8285-13e9a43c7aed/elements &amp#27;[39m&amp#27;[32m200&amp#27;[39m &amp#27;[90m133 ms - 3339&amp#27;[39m
&amp#27;[35m[HTTP]&amp#27;[39m &amp#27;[90m&amp#27;[39m
&amp#27;[35m[HTTP]&amp#27;[39m &amp#27;[37m-->&amp#27;[39m &amp#27;[37mGET&amp#27;[39m &amp#27;[37m/wd/hub/session/b8746245-ee34-458b-8285-13e9a43c7aed/element/00000000-0000-07f6-ffff-ffff0000003c/text&amp#27;[39m
&amp#27;[35m[HTTP]&amp#27;[39m &amp#27;[90m{}&amp#27;[39m
&amp#27;[35m[W3C (b8746245)]&amp#27;[39m Driver proxy active, passing request on via HTTP proxy
[debug] &amp#27;[35m[WD Proxy]&amp#27;[39m Matched '/wd/hub/session/b8746245-ee34-458b-8285-13e9a43c7aed/element/00000000-0000-07f6-ffff-ffff0000003c/text' to command name 'getText'
[debug] &amp#27;[35m[WD Proxy]&amp#27;[39m Proxying [GET /wd/hub/session/b8746245-ee34-458b-8285-13e9a43c7aed/element/00000000-0000-07f6-ffff-ffff0000003c/text] to [GET http://127.0.0.1:8200/wd/hub/session/c7f4f09e-657e-4279-a71c-4db4d836d44d/element/00000000-0000-07f6-ffff-ffff0000003c/text] with no body
[debug] &amp#27;[35m[WD Proxy]&amp#27;[39m Got response with status 200: {"sessionId":"c7f4f09e-657e-4279-a71c-4db4d836d44d","value":"# TRAVEL"}
&amp#27;[35m[WD Proxy]&amp#27;[39m Replacing sessionId c7f4f09e-657e-4279-a71c-4db4d836d44d with b8746245-ee34-458b-8285-13e9a43c7aed
&amp#27;[35m[HTTP]&amp#27;[39m &amp#27;[37m<-- GET /wd/hub/session/b8746245-ee34-458b-8285-13e9a43c7aed/element/00000000-0000-07f6-ffff-ffff0000003c/text &amp#27;[39m&amp#27;[32m200&amp#27;[39m &amp#27;[90m30 ms - 71&amp#27;[39m
&amp#27;[35m[HTTP]&amp#27;[39m &amp#27;[90m&amp#27;[39m
&amp#27;[35m[HTTP]&amp#27;[39m &amp#27;[37m-->&amp#27;[39m &amp#27;[37mGET&amp#27;[39m &amp#27;[37m/wd/hub/session/b8746245-ee34-458b-8285-13e9a43c7aed/context&amp#27;[39m
&amp#27;[35m[HTTP]&amp#27;[39m &amp#27;[90m{}&amp#27;[39m
[debug] &amp#27;[35m[W3C (b8746245)]&amp#27;[39m Calling AppiumDriver.getCurrentContext() with args: ["b8746245-ee34-458b-8285-13e9a43c7aed"]
[debug] &amp#27;[35m[W3C (b8746245)]&amp#27;[39m Responding to client with driver.getCurrentContext() result: "NATIVE_APP"
&amp#27;[35m[HTTP]&amp#27;[39m &amp#27;[37m<-- GET /wd/hub/session/b8746245-ee34-458b-8285-13e9a43c7aed/context &amp#27;[39m&amp#27;[32m200&amp#27;[39m &amp#27;[90m8 ms - 22&amp#27;[39m
&amp#27;[35m[HTTP]&amp#27;[39m &amp#27;[90m&amp#27;[39m
&amp#27;[35m[HTTP]&amp#27;[39m &amp#27;[37m-->&amp#27;[39m &amp#27;[37mPOST&amp#27;[39m &amp#27;[37m/wd/hub/session/b8746245-ee34-458b-8285-13e9a43c7aed/elements&amp#27;[39m
&amp#27;[35m[HTTP]&amp#27;[39m &amp#27;[90m{"using":"id","value":"flipboard.app:id/topic_picker_topic_row_topic_tag"}&amp#27;[39m
[debug] &amp#27;[35m[W3C (b8746245)]&amp#27;[39m Calling AppiumDriver.findElements() with args: ["id","flipboard.app:id/topic_picker_topic_row_topic_tag","b8746245-ee34-458b-8285-13e9a43c7aed"]
[debug] &amp#27;[35m[BaseDriver]&amp#27;[39m Valid locator strategies for this request: xpath, id, class name, accessibility id, css selector, -android uiautomator
[debug] &amp#27;[35m[BaseDriver]&amp#27;[39m Waiting up to 0 ms for condition
[debug] &amp#27;[35m[WD Proxy]&amp#27;[39m Matched '/elements' to command name 'findElements'
[debug] &amp#27;[35m[WD Proxy]&amp#27;[39m Proxying [POST /elements] to [POST http://127.0.0.1:8200/wd/hub/session/c7f4f09e-657e-4279-a71c-4db4d836d44d/elements] with body: {"strategy":"id","selector":"flipboard.app:id/topic_picker_topic_row_topic_tag","context":"","multiple":true}
[debug] &amp#27;[35m[WD Proxy]&amp#27;[39m Got response with status 200: {"sessionId":"c7f4f09e-657e-4279-a71c-4db4d836d44d","value":[{"ELEMENT":"00000000-0000-07f6-ffff-ffff00000038","element-6066-11e4-a52e-4f735466cecf":"00000000-0000-07f6-ffff-ffff00000038"},{"ELEMENT":"00000000-0000-07f6-ffff-ffff0000003a","element-6066-11e4-a52e-4f735466cecf":"00000000-0000-07f6-ffff-ffff0000003a"},{"ELEMENT":"00000000-0000-07f6-ffff-ffff0000003c","element-6066-11e4-a52e-4f735466cecf":"00000000-0000-07f6-ffff-ffff0000003c"},{"ELEMENT":"00000000-0000-07f6-ffff-ffff00000040","element-6066-11e4-a52e-4f735466cecf":"00000000-0000-07f6-ffff-ffff00000040"},{"ELEMENT":"00000000-0000-07f6-ffff-ffff00000042","element-6066-11e4-a52e-4f735466cecf":"00000000-0000-07f6-ffff-ffff00000042"},{"ELEMENT":"00000000-0000-07f6-ffff-ffff00000044","element-6066-11e4-a52e-4f735466cecf":"00000000-0000-07f6-ffff-ffff00000044"},{"ELEMENT":"00000000-0000-07f6-ffff-ffff00000048","element-6066-11e4-a52e-4f735466cecf":"00000000-0000-07f6-ffff-ffff00000048"},{"ELEMENT":"00000000-0000-07f6-ffff-ffff0000004a","element-6066-...
[debug] &amp#27;[35m[W3C (b8746245)]&amp#27;[39m Responding to client with driver.findElements() result: [{"element-6066-11e4-a52e-4f735466cecf":"00000000-0000-07f6-ffff-ffff00000038","ELEMENT":"00000000-0000-07f6-ffff-ffff00000038"},{"element-6066-11e4-a52e-4f735466cecf":"00000000-0000-07f6-ffff-ffff0000003a","ELEMENT":"00000000-0000-07f6-ffff-ffff0000003a"},{"element-6066-11e4-a52e-4f735466cecf":"00000000-0000-07f6-ffff-ffff0000003c","ELEMENT":"00000000-0000-07f6-ffff-ffff0000003c"},{"element-6066-11e4-a52e-4f735466cecf":"00000000-0000-07f6-ffff-ffff00000040","ELEMENT":"00000000-0000-07f6-ffff-ffff00000040"},{"element-6066-11e4-a52e-4f735466cecf":"00000000-0000-07f6-ffff-ffff00000042","ELEMENT":"00000000-0000-07f6-ffff-ffff00000042"},{"element-6066-11e4-a52e-4f735466cecf":"00000000-0000-07f6-ffff-ffff00000044","ELEMENT":"00000000-0000-07f6-ffff-ffff00000044"},{"element-6066-11e4-a52e-4f735466cecf":"00000000-0000-07f6-ffff-ffff00000048","ELEMENT":"00000000-0000-07f6-ffff-ffff00000048"},{"element-6066-11e4-a52e-4f735466cecf":"00000000-0000-07f6-ffff-ffff0000004a","ELEMENT":"00000000-0000-07f6-ffff-ffff0000004...
&amp#27;[35m[HTTP]&amp#27;[39m &amp#27;[37m<-- POST /wd/hub/session/b8746245-ee34-458b-8285-13e9a43c7aed/elements &amp#27;[39m&amp#27;[32m200&amp#27;[39m &amp#27;[90m103 ms - 3339&amp#27;[39m
&amp#27;[35m[HTTP]&amp#27;[39m &amp#27;[90m&amp#27;[39m
&amp#27;[35m[HTTP]&amp#27;[39m &amp#27;[37m-->&amp#27;[39m &amp#27;[37mPOST&amp#27;[39m &amp#27;[37m/wd/hub/session/b8746245-ee34-458b-8285-13e9a43c7aed/element/00000000-0000-07f6-ffff-ffff00000040/click&amp#27;[39m
&amp#27;[35m[HTTP]&amp#27;[39m &amp#27;[90m{"id":"00000000-0000-07f6-ffff-ffff00000040"}&amp#27;[39m
[debug] &amp#27;[35m[W3C (b8746245)]&amp#27;[39m Calling AppiumDriver.click() with args: ["00000000-0000-07f6-ffff-ffff00000040","b8746245-ee34-458b-8285-13e9a43c7aed"]
[debug] &amp#27;[35m[WD Proxy]&amp#27;[39m Matched '/element/00000000-0000-07f6-ffff-ffff00000040/click' to command name 'click'
[debug] &amp#27;[35m[WD Proxy]&amp#27;[39m Proxying [POST /element/00000000-0000-07f6-ffff-ffff00000040/click] to [POST http://127.0.0.1:8200/wd/hub/session/c7f4f09e-657e-4279-a71c-4db4d836d44d/element/00000000-0000-07f6-ffff-ffff00000040/click] with body: {"element":"00000000-0000-07f6-ffff-ffff00000040"}
[debug] &amp#27;[35m[WD Proxy]&amp#27;[39m Got response with status 200: {"sessionId":"c7f4f09e-657e-4279-a71c-4db4d836d44d","value":null}
[debug] &amp#27;[35m[W3C (b8746245)]&amp#27;[39m Responding to client with driver.click() result: null
&amp#27;[35m[HTTP]&amp#27;[39m &amp#27;[37m<-- POST /wd/hub/session/b8746245-ee34-458b-8285-13e9a43c7aed/element/00000000-0000-07f6-ffff-ffff00000040/click &amp#27;[39m&amp#27;[32m200&amp#27;[39m &amp#27;[90m59 ms - 14&amp#27;[39m
&amp#27;[35m[HTTP]&amp#27;[39m &amp#27;[90m&amp#27;[39m
&amp#27;[35m[HTTP]&amp#27;[39m &amp#27;[37m-->&amp#27;[39m &amp#27;[37mGET&amp#27;[39m &amp#27;[37m/wd/hub/session/b8746245-ee34-458b-8285-13e9a43c7aed/context&amp#27;[39m
&amp#27;[35m[HTTP]&amp#27;[39m &amp#27;[90m{}&amp#27;[39m
[debug] &amp#27;[35m[W3C (b8746245)]&amp#27;[39m Calling AppiumDriver.getCurrentContext() with args: ["b8746245-ee34-458b-8285-13e9a43c7aed"]
[debug] &amp#27;[35m[W3C (b8746245)]&amp#27;[39m Responding to client with driver.getCurrentContext() result: "NATIVE_APP"
&amp#27;[35m[HTTP]&amp#27;[39m &amp#27;[37m<-- GET /wd/hub/session/b8746245-ee34-458b-8285-13e9a43c7aed/context &amp#27;[39m&amp#27;[32m200&amp#27;[39m &amp#27;[90m7 ms - 22&amp#27;[39m
&amp#27;[35m[HTTP]&amp#27;[39m &amp#27;[90m&amp#27;[39m
&amp#27;[35m[HTTP]&amp#27;[39m &amp#27;[37m-->&amp#27;[39m &amp#27;[37mPOST&amp#27;[39m &amp#27;[37m/wd/hub/session/b8746245-ee34-458b-8285-13e9a43c7aed/elements&amp#27;[39m
&amp#27;[35m[HTTP]&amp#27;[39m &amp#27;[90m{"using":"id","value":"flipboard.app:id/topic_picker_topic_row_topic_tag"}&amp#27;[39m
[debug] &amp#27;[35m[W3C (b8746245)]&amp#27;[39m Calling AppiumDriver.findElements() with args: ["id","flipboard.app:id/topic_picker_topic_row_topic_tag","b8746245-ee34-458b-8285-13e9a43c7aed"]
[debug] &amp#27;[35m[BaseDriver]&amp#27;[39m Valid locator strategies for this request: xpath, id, class name, accessibility id, css selector, -android uiautomator
[debug] &amp#27;[35m[BaseDriver]&amp#27;[39m Waiting up to 0 ms for condition
[debug] &amp#27;[35m[WD Proxy]&amp#27;[39m Matched '/elements' to command name 'findElements'
[debug] &amp#27;[35m[WD Proxy]&amp#27;[39m Proxying [POST /elements] to [POST http://127.0.0.1:8200/wd/hub/session/c7f4f09e-657e-4279-a71c-4db4d836d44d/elements] with body: {"strategy":"id","selector":"flipboard.app:id/topic_picker_topic_row_topic_tag","context":"","multiple":true}
[...]
&amp#27;[35m[HTTP]&amp#27;[39m &amp#27;[37m<-- GET /wd/hub/session/b8746245-ee34-458b-8285-13e9a43c7aed/context &amp#27;[39m&amp#27;[32m200&amp#27;[39m &amp#27;[90m6 ms - 22&amp#27;[39m
&amp#27;[35m[HTTP]&amp#27;[39m &amp#27;[90m&amp#27;[39m
&amp#27;[35m[HTTP]&amp#27;[39m &amp#27;[37m-->&amp#27;[39m &amp#27;[37mPOST&amp#27;[39m &amp#27;[37m/wd/hub/session/b8746245-ee34-458b-8285-13e9a43c7aed/element&amp#27;[39m
&amp#27;[35m[HTTP]&amp#27;[39m &amp#27;[90m{"using":"id","value":"flipboard.app:id/topic_picker_continue_button"}&amp#27;[39m
[debug] &amp#27;[35m[W3C (b8746245)]&amp#27;[39m Calling AppiumDriver.findElement() with args: ["id","flipboard.app:id/topic_picker_continue_button","b8746245-ee34-458b-8285-13e9a43c7aed"]
[debug] &amp#27;[35m[BaseDriver]&amp#27;[39m Valid locator strategies for this request: xpath, id, class name, accessibility id, css selector, -android uiautomator
[debug] &amp#27;[35m[BaseDriver]&amp#27;[39m Waiting up to 0 ms for condition
[debug] &amp#27;[35m[WD Proxy]&amp#27;[39m Matched '/element' to command name 'findElement'
[debug] &amp#27;[35m[WD Proxy]&amp#27;[39m Proxying [POST /element] to [POST http://127.0.0.1:8200/wd/hub/session/c7f4f09e-657e-4279-a71c-4db4d836d44d/element] with body: {"strategy":"id","selector":"flipboard.app:id/topic_picker_continue_button","context":"","multiple":false}
[debug] &amp#27;[35m[WD Proxy]&amp#27;[39m Got response with status 200: {"sessionId":"c7f4f09e-657e-4279-a71c-4db4d836d44d","value":{"ELEMENT":"00000000-0000-07f6-ffff-ffff0000002a","element-6066-11e4-a52e-4f735466cecf":"00000000-0000-07f6-ffff-ffff0000002a"}}
[debug] &amp#27;[35m[W3C (b8746245)]&amp#27;[39m Responding to client with driver.findElement() result: {"element-6066-11e4-a52e-4f735466cecf":"00000000-0000-07f6-ffff-ffff0000002a","ELEMENT":"00000000-0000-07f6-ffff-ffff0000002a"}
&amp#27;[35m[HTTP]&amp#27;[39m &amp#27;[37m<-- POST /wd/hub/session/b8746245-ee34-458b-8285-13e9a43c7aed/element &amp#27;[39m&amp#27;[32m200&amp#27;[39m &amp#27;[90m128 ms - 137&amp#27;[39m
&amp#27;[35m[HTTP]&amp#27;[39m &amp#27;[90m&amp#27;[39m
&amp#27;[35m[HTTP]&amp#27;[39m &amp#27;[37m-->&amp#27;[39m &amp#27;[37mPOST&amp#27;[39m &amp#27;[37m/wd/hub/session/b8746245-ee34-458b-8285-13e9a43c7aed/element/00000000-0000-07f6-ffff-ffff0000002a/click&amp#27;[39m
&amp#27;[35m[HTTP]&amp#27;[39m &amp#27;[90m{"id":"00000000-0000-07f6-ffff-ffff0000002a"}&amp#27;[39m
[debug] &amp#27;[35m[W3C (b8746245)]&amp#27;[39m Calling AppiumDriver.click() with args: ["00000000-0000-07f6-ffff-ffff0000002a","b8746245-ee34-458b-8285-13e9a43c7aed"]
[debug] &amp#27;[35m[WD Proxy]&amp#27;[39m Matched '/element/00000000-0000-07f6-ffff-ffff0000002a/click' to command name 'click'
[debug] &amp#27;[35m[WD Proxy]&amp#27;[39m Proxying [POST /element/00000000-0000-07f6-ffff-ffff0000002a/click] to [POST http://127.0.0.1:8200/wd/hub/session/c7f4f09e-657e-4279-a71c-4db4d836d44d/element/00000000-0000-07f6-ffff-ffff0000002a/click] with body: {"element":"00000000-0000-07f6-ffff-ffff0000002a"}
[debug] &amp#27;[35m[WD Proxy]&amp#27;[39m Got response with status 200: {"sessionId":"c7f4f09e-657e-4279-a71c-4db4d836d44d","value":null}
[debug] &amp#27;[35m[W3C (b8746245)]&amp#27;[39m Responding to client with driver.click() result: null
&amp#27;[35m[HTTP]&amp#27;[39m &amp#27;[37m<-- POST /wd/hub/session/b8746245-ee34-458b-8285-13e9a43c7aed/element/00000000-0000-07f6-ffff-ffff0000002a/click &amp#27;[39m&amp#27;[32m200&amp#27;[39m &amp#27;[90m60 ms - 14&amp#27;[39m
&amp#27;[35m[HTTP]&amp#27;[39m &amp#27;[90m&amp#27;[39m
&amp#27;[35m[HTTP]&amp#27;[39m &amp#27;[37m-->&amp#27;[39m &amp#27;[37mGET&amp#27;[39m &amp#27;[37m/wd/hub/session/b8746245-ee34-458b-8285-13e9a43c7aed/context&amp#27;[39m
&amp#27;[35m[HTTP]&amp#27;[39m &amp#27;[90m{}&amp#27;[39m
[debug] &amp#27;[35m[W3C (b8746245)]&amp#27;[39m Calling AppiumDriver.getCurrentContext() with args: ["b8746245-ee34-458b-8285-13e9a43c7aed"]
[debug] &amp#27;[35m[W3C (b8746245)]&amp#27;[39m Responding to client with driver.getCurrentContext() result: "NATIVE_APP"
&amp#27;[35m[HTTP]&amp#27;[39m &amp#27;[37m<-- GET /wd/hub/session/b8746245-ee34-458b-8285-13e9a43c7aed/context &amp#27;[39m&amp#27;[32m200&amp#27;[39m &amp#27;[90m8 ms - 22&amp#27;[39m
&amp#27;[35m[HTTP]&amp#27;[39m &amp#27;[90m&amp#27;[39m
&amp#27;[35m[HTTP]&amp#27;[39m &amp#27;[37m-->&amp#27;[39m &amp#27;[37mPOST&amp#27;[39m &amp#27;[37m/wd/hub/session/b8746245-ee34-458b-8285-13e9a43c7aed/element&amp#27;[39m
&amp#27;[35m[HTTP]&amp#27;[39m &amp#27;[90m{"using":"id","value":"flipboard.app:id/icon_button_text"}&amp#27;[39m
[debug] &amp#27;[35m[W3C (b8746245)]&amp#27;[39m Calling AppiumDriver.findElement() with args: ["id","flipboard.app:id/icon_button_text","b8746245-ee34-458b-8285-13e9a43c7aed"]
[debug] &amp#27;[35m[BaseDriver]&amp#27;[39m Valid locator strategies for this request: xpath, id, class name, accessibility id, css selector, -android uiautomator
[debug] &amp#27;[35m[BaseDriver]&amp#27;[39m Waiting up to 0 ms for condition
[debug] &amp#27;[35m[WD Proxy]&amp#27;[39m Matched '/element' to command name 'findElement'
[debug] &amp#27;[35m[WD Proxy]&amp#27;[39m Proxying [POST /element] to [POST http://127.0.0.1:8200/wd/hub/session/c7f4f09e-657e-4279-a71c-4db4d836d44d/element] with body: {"strategy":"id","selector":"flipboard.app:id/icon_button_text","context":"","multiple":false}
[debug] &amp#27;[35m[WD Proxy]&amp#27;[39m Got response with status 200: {"sessionId":"c7f4f09e-657e-4279-a71c-4db4d836d44d","value":{"ELEMENT":"00000000-0000-07f7-ffff-ffff0000009a","element-6066-11e4-a52e-4f735466cecf":"00000000-0000-07f7-ffff-ffff0000009a"}}
[debug] &amp#27;[35m[W3C (b8746245)]&amp#27;[39m Responding to client with driver.findElement() result: {"element-6066-11e4-a52e-4f735466cecf":"00000000-0000-07f7-ffff-ffff0000009a","ELEMENT":"00000000-0000-07f7-ffff-ffff0000009a"}
&amp#27;[35m[HTTP]&amp#27;[39m &amp#27;[37m<-- POST /wd/hub/session/b8746245-ee34-458b-8285-13e9a43c7aed/element &amp#27;[39m&amp#27;[32m200&amp#27;[39m &amp#27;[90m623 ms - 137&amp#27;[39m
&amp#27;[35m[HTTP]&amp#27;[39m &amp#27;[90m&amp#27;[39m
&amp#27;[35m[HTTP]&amp#27;[39m &amp#27;[37m-->&amp#27;[39m &amp#27;[37mPOST&amp#27;[39m &amp#27;[37m/wd/hub/session/b8746245-ee34-458b-8285-13e9a43c7aed/element/00000000-0000-07f7-ffff-ffff0000009a/click&amp#27;[39m
&amp#27;[35m[HTTP]&amp#27;[39m &amp#27;[90m{"id":"00000000-0000-07f7-ffff-ffff0000009a"}&amp#27;[39m
[debug] &amp#27;[35m[W3C (b8746245)]&amp#27;[39m Calling AppiumDriver.click() with args: ["00000000-0000-07f7-ffff-ffff0000009a","b8746245-ee34-458b-8285-13e9a43c7aed"]
[debug] &amp#27;[35m[WD Proxy]&amp#27;[39m Matched '/element/00000000-0000-07f7-ffff-ffff0000009a/click' to command name 'click'
[debug] &amp#27;[35m[WD Proxy]&amp#27;[39m Proxying [POST /element/00000000-0000-07f7-ffff-ffff0000009a/click] to [POST http://127.0.0.1:8200/wd/hub/session/c7f4f09e-657e-4279-a71c-4db4d836d44d/element/00000000-0000-07f7-ffff-ffff0000009a/click] with body: {"element":"00000000-0000-07f7-ffff-ffff0000009a"}
[debug] &amp#27;[35m[WD Proxy]&amp#27;[39m Got response with status 200: {"sessionId":"c7f4f09e-657e-4279-a71c-4db4d836d44d","value":null}
[debug] &amp#27;[35m[W3C (b8746245)]&amp#27;[39m Responding to client with driver.click() result: null
&amp#27;[35m[HTTP]&amp#27;[39m &amp#27;[37m<-- POST /wd/hub/session/b8746245-ee34-458b-8285-13e9a43c7aed/element/00000000-0000-07f7-ffff-ffff0000009a/click &amp#27;[39m&amp#27;[32m200&amp#27;[39m &amp#27;[90m72 ms - 14&amp#27;[39m
&amp#27;[35m[HTTP]&amp#27;[39m &amp#27;[90m&amp#27;[39m
&amp#27;[35m[HTTP]&amp#27;[39m &amp#27;[37m-->&amp#27;[39m &amp#27;[37mGET&amp#27;[39m &amp#27;[37m/wd/hub/session/b8746245-ee34-458b-8285-13e9a43c7aed/context&amp#27;[39m
&amp#27;[35m[HTTP]&amp#27;[39m &amp#27;[90m{}&amp#27;[39m
[debug] &amp#27;[35m[W3C (b8746245)]&amp#27;[39m Calling AppiumDriver.getCurrentContext() with args: ["b8746245-ee34-458b-8285-13e9a43c7aed"]
[debug] &amp#27;[35m[W3C (b8746245)]&amp#27;[39m Responding to client with driver.getCurrentContext() result: "NATIVE_APP"
&amp#27;[35m[HTTP]&amp#27;[39m &amp#27;[37m<-- GET /wd/hub/session/b8746245-ee34-458b-8285-13e9a43c7aed/context &amp#27;[39m&amp#27;[32m200&amp#27;[39m &amp#27;[90m4 ms - 22&amp#27;[39m
&amp#27;[35m[HTTP]&amp#27;[39m &amp#27;[90m&amp#27;[39m
&amp#27;[35m[HTTP]&amp#27;[39m &amp#27;[37m-->&amp#27;[39m &amp#27;[37mPOST&amp#27;[39m &amp#27;[37m/wd/hub/session/b8746245-ee34-458b-8285-13e9a43c7aed/element&amp#27;[39m
&amp#27;[35m[HTTP]&amp#27;[39m &amp#27;[90m{"using":"id","value":"flipboard.app:id/icon_button_text"}&amp#27;[39m
[debug] &amp#27;[35m[W3C (b8746245)]&amp#27;[39m Calling AppiumDriver.findElement() with args: ["id","flipboard.app:id/icon_button_text","b8746245-ee34-458b-8285-13e9a43c7aed"]
[debug] &amp#27;[35m[BaseDriver]&amp#27;[39m Valid locator strategies for this request: xpath, id, class name, accessibility id, css selector, -android uiautomator
[debug] &amp#27;[35m[BaseDriver]&amp#27;[39m Waiting up to 0 ms for condition
[debug] &amp#27;[35m[WD Proxy]&amp#27;[39m Matched '/element' to command name 'findElement'
[debug] &amp#27;[35m[WD Proxy]&amp#27;[39m Proxying [POST /element] to [POST http://127.0.0.1:8200/wd/hub/session/c7f4f09e-657e-4279-a71c-4db4d836d44d/element] with body: {"strategy":"id","selector":"flipboard.app:id/icon_button_text","context":"","multiple":false}
[debug] &amp#27;[35m[WD Proxy]&amp#27;[39m Got response with status 200: {"sessionId":"c7f4f09e-657e-4279-a71c-4db4d836d44d","value":{"ELEMENT":"00000000-0000-07f8-ffff-ffff000000ad","element-6066-11e4-a52e-4f735466cecf":"00000000-0000-07f8-ffff-ffff000000ad"}}
[debug] &amp#27;[35m[W3C (b8746245)]&amp#27;[39m Responding to client with driver.findElement() result: {"element-6066-11e4-a52e-4f735466cecf":"00000000-0000-07f8-ffff-ffff000000ad","ELEMENT":"00000000-0000-07f8-ffff-ffff000000ad"}
&amp#27;[35m[HTTP]&amp#27;[39m &amp#27;[37m<-- POST /wd/hub/session/b8746245-ee34-458b-8285-13e9a43c7aed/element &amp#27;[39m&amp#27;[32m200&amp#27;[39m &amp#27;[90m603 ms - 137&amp#27;[39m
&amp#27;[35m[HTTP]&amp#27;[39m &amp#27;[90m&amp#27;[39m
&amp#27;[35m[HTTP]&amp#27;[39m &amp#27;[37m-->&amp#27;[39m &amp#27;[37mPOST&amp#27;[39m &amp#27;[37m/wd/hub/session/b8746245-ee34-458b-8285-13e9a43c7aed/element/00000000-0000-07f8-ffff-ffff000000ad/click&amp#27;[39m
&amp#27;[35m[HTTP]&amp#27;[39m &amp#27;[90m{"id":"00000000-0000-07f8-ffff-ffff000000ad"}&amp#27;[39m
[debug] &amp#27;[35m[W3C (b8746245)]&amp#27;[39m Calling AppiumDriver.click() with args: ["00000000-0000-07f8-ffff-ffff000000ad","b8746245-ee34-458b-8285-13e9a43c7aed"]
[debug] &amp#27;[35m[WD Proxy]&amp#27;[39m Matched '/element/00000000-0000-07f8-ffff-ffff000000ad/click' to command name 'click'
[debug] &amp#27;[35m[WD Proxy]&amp#27;[39m Proxying [POST /element/00000000-0000-07f8-ffff-ffff000000ad/click] to [POST http://127.0.0.1:8200/wd/hub/session/c7f4f09e-657e-4279-a71c-4db4d836d44d/element/00000000-0000-07f8-ffff-ffff000000ad/click] with body: {"element":"00000000-0000-07f8-ffff-ffff000000ad"}
[debug] &amp#27;[35m[WD Proxy]&amp#27;[39m Got response with status 200: {"sessionId":"c7f4f09e-657e-4279-a71c-4db4d836d44d","value":null}
[debug] &amp#27;[35m[W3C (b8746245)]&amp#27;[39m Responding to client with driver.click() result: null
&amp#27;[35m[HTTP]&amp#27;[39m &amp#27;[37m<-- POST /wd/hub/session/b8746245-ee34-458b-8285-13e9a43c7aed/element/00000000-0000-07f8-ffff-ffff000000ad/click &amp#27;[39m&amp#27;[32m200&amp#27;[39m &amp#27;[90m83 ms - 14&amp#27;[39m
&amp#27;[35m[HTTP]&amp#27;[39m &amp#27;[90m&amp#27;[39m
&amp#27;[35m[HTTP]&amp#27;[39m &amp#27;[37m-->&amp#27;[39m &amp#27;[37mGET&amp#27;[39m &amp#27;[37m/wd/hub/session/b8746245-ee34-458b-8285-13e9a43c7aed/context&amp#27;[39m
&amp#27;[35m[HTTP]&amp#27;[39m &amp#27;[90m{}&amp#27;[39m
[debug] &amp#27;[35m[W3C (b8746245)]&amp#27;[39m Calling AppiumDriver.getCurrentContext() with args: ["b8746245-ee34-458b-8285-13e9a43c7aed"]
[debug] &amp#27;[35m[W3C (b8746245)]&amp#27;[39m Responding to client with driver.getCurrentContext() result: "NATIVE_APP"
&amp#27;[35m[HTTP]&amp#27;[39m &amp#27;[37m<-- GET /wd/hub/session/b8746245-ee34-458b-8285-13e9a43c7aed/context &amp#27;[39m&amp#27;[32m200&amp#27;[39m &amp#27;[90m6 ms - 22&amp#27;[39m
&amp#27;[35m[HTTP]&amp#27;[39m &amp#27;[90m&amp#27;[39m
&amp#27;[35m[HTTP]&amp#27;[39m &amp#27;[37m-->&amp#27;[39m &amp#27;[37mPOST&amp#27;[39m &amp#27;[37m/wd/hub/session/b8746245-ee34-458b-8285-13e9a43c7aed/element&amp#27;[39m
&amp#27;[35m[HTTP]&amp#27;[39m &amp#27;[90m{"using":"id","value":"flipboard.app:id/account_login_buttons_skip"}&amp#27;[39m
[debug] &amp#27;[35m[W3C (b8746245)]&amp#27;[39m Calling AppiumDriver.findElement() with args: ["id","flipboard.app:id/account_login_buttons_skip","b8746245-ee34-458b-8285-13e9a43c7aed"]
[debug] &amp#27;[35m[BaseDriver]&amp#27;[39m Valid locator strategies for this request: xpath, id, class name, accessibility id, css selector, -android uiautomator
[debug] &amp#27;[35m[BaseDriver]&amp#27;[39m Waiting up to 0 ms for condition
[debug] &amp#27;[35m[WD Proxy]&amp#27;[39m Matched '/element' to command name 'findElement'
[debug] &amp#27;[35m[WD Proxy]&amp#27;[39m Proxying [POST /element] to [POST http://127.0.0.1:8200/wd/hub/session/c7f4f09e-657e-4279-a71c-4db4d836d44d/element] with body: {"strategy":"id","selector":"flipboard.app:id/account_login_buttons_skip","context":"","multiple":false}
[debug] &amp#27;[35m[WD Proxy]&amp#27;[39m Got response with status 200: {"sessionId":"c7f4f09e-657e-4279-a71c-4db4d836d44d","value":{"ELEMENT":"00000000-0000-07f9-ffff-ffff000000bd","element-6066-11e4-a52e-4f735466cecf":"00000000-0000-07f9-ffff-ffff000000bd"}}
[debug] &amp#27;[35m[W3C (b8746245)]&amp#27;[39m Responding to client with driver.findElement() result: {"element-6066-11e4-a52e-4f735466cecf":"00000000-0000-07f9-ffff-ffff000000bd","ELEMENT":"00000000-0000-07f9-ffff-ffff000000bd"}
&amp#27;[35m[HTTP]&amp#27;[39m &amp#27;[37m<-- POST /wd/hub/session/b8746245-ee34-458b-8285-13e9a43c7aed/element &amp#27;[39m&amp#27;[32m200&amp#27;[39m &amp#27;[90m800 ms - 137&amp#27;[39m
&amp#27;[35m[HTTP]&amp#27;[39m &amp#27;[90m&amp#27;[39m
&amp#27;[35m[HTTP]&amp#27;[39m &amp#27;[37m-->&amp#27;[39m &amp#27;[37mPOST&amp#27;[39m &amp#27;[37m/wd/hub/session/b8746245-ee34-458b-8285-13e9a43c7aed/element/00000000-0000-07f9-ffff-ffff000000bd/click&amp#27;[39m
&amp#27;[35m[HTTP]&amp#27;[39m &amp#27;[90m{"id":"00000000-0000-07f9-ffff-ffff000000bd"}&amp#27;[39m
[debug] &amp#27;[35m[W3C (b8746245)]&amp#27;[39m Calling AppiumDriver.click() with args: ["00000000-0000-07f9-ffff-ffff000000bd","b8746245-ee34-458b-8285-13e9a43c7aed"]
[debug] &amp#27;[35m[WD Proxy]&amp#27;[39m Matched '/element/00000000-0000-07f9-ffff-ffff000000bd/click' to command name 'click'
[debug] &amp#27;[35m[WD Proxy]&amp#27;[39m Proxying [POST /element/00000000-0000-07f9-ffff-ffff000000bd/click] to [POST http://127.0.0.1:8200/wd/hub/session/c7f4f09e-657e-4279-a71c-4db4d836d44d/element/00000000-0000-07f9-ffff-ffff000000bd/click] with body: {"element":"00000000-0000-07f9-ffff-ffff000000bd"}
[debug] &amp#27;[35m[WD Proxy]&amp#27;[39m Got response with status 200: {"sessionId":"c7f4f09e-657e-4279-a71c-4db4d836d44d","value":null}
[debug] &amp#27;[35m[W3C (b8746245)]&amp#27;[39m Responding to client with driver.click() result: null
&amp#27;[35m[HTTP]&amp#27;[39m &amp#27;[37m<-- POST /wd/hub/session/b8746245-ee34-458b-8285-13e9a43c7aed/element/00000000-0000-07f9-ffff-ffff000000bd/click &amp#27;[39m&amp#27;[32m200&amp#27;[39m &amp#27;[90m97 ms - 14&amp#27;[39m
&amp#27;[35m[HTTP]&amp#27;[39m &amp#27;[90m&amp#27;[39m
&amp#27;[35m[HTTP]&amp#27;[39m &amp#27;[37m-->&amp#27;[39m &amp#27;[37mGET&amp#27;[39m &amp#27;[37m/wd/hub/session/b8746245-ee34-458b-8285-13e9a43c7aed/context&amp#27;[39m
&amp#27;[35m[HTTP]&amp#27;[39m &amp#27;[90m{}&amp#27;[39m
[debug] &amp#27;[35m[W3C (b8746245)]&amp#27;[39m Calling AppiumDriver.getCurrentContext() with args: ["b8746245-ee34-458b-8285-13e9a43c7aed"]
[debug] &amp#27;[35m[W3C (b8746245)]&amp#27;[39m Responding to client with driver.getCurrentContext() result: "NATIVE_APP"
&amp#27;[35m[HTTP]&amp#27;[39m &amp#27;[37m<-- GET /wd/hub/session/b8746245-ee34-458b-8285-13e9a43c7aed/context &amp#27;[39m&amp#27;[32m200&amp#27;[39m &amp#27;[90m12 ms - 22&amp#27;[39m
&amp#27;[35m[HTTP]&amp#27;[39m &amp#27;[90m&amp#27;[39m
&amp#27;[35m[HTTP]&amp#27;[39m &amp#27;[37m-->&amp#27;[39m &amp#27;[37mPOST&amp#27;[39m &amp#27;[37m/wd/hub/session/b8746245-ee34-458b-8285-13e9a43c7aed/element&amp#27;[39m
&amp#27;[35m[HTTP]&amp#27;[39m &amp#27;[90m{"using":"id","value":"flipboard.app:id/sliding_title_text_view"}&amp#27;[39m
[debug] &amp#27;[35m[W3C (b8746245)]&amp#27;[39m Calling AppiumDriver.findElement() with args: ["id","flipboard.app:id/sliding_title_text_view","b8746245-ee34-458b-8285-13e9a43c7aed"]
[debug] &amp#27;[35m[BaseDriver]&amp#27;[39m Valid locator strategies for this request: xpath, id, class name, accessibility id, css selector, -android uiautomator
[debug] &amp#27;[35m[BaseDriver]&amp#27;[39m Waiting up to 0 ms for condition
[debug] &amp#27;[35m[WD Proxy]&amp#27;[39m Matched '/element' to command name 'findElement'
[debug] &amp#27;[35m[WD Proxy]&amp#27;[39m Proxying [POST /element] to [POST http://127.0.0.1:8200/wd/hub/session/c7f4f09e-657e-4279-a71c-4db4d836d44d/element] with body: {"strategy":"id","selector":"flipboard.app:id/sliding_title_text_view","context":"","multiple":false}
[debug] &amp#27;[35m[WD Proxy]&amp#27;[39m Got response with status 200: {"sessionId":"c7f4f09e-657e-4279-a71c-4db4d836d44d","value":{"ELEMENT":"00000000-0000-07fb-ffff-ffff00000163","element-6066-11e4-a52e-4f735466cecf":"00000000-0000-07fb-ffff-ffff00000163"}}
[debug] &amp#27;[35m[W3C (b8746245)]&amp#27;[39m Responding to client with driver.findElement() result: {"element-6066-11e4-a52e-4f735466cecf":"00000000-0000-07fb-ffff-ffff00000163","ELEMENT":"00000000-0000-07fb-ffff-ffff00000163"}
&amp#27;[35m[HTTP]&amp#27;[39m &amp#27;[37m<-- POST /wd/hub/session/b8746245-ee34-458b-8285-13e9a43c7aed/element &amp#27;[39m&amp#27;[32m200&amp#27;[39m &amp#27;[90m233 ms - 137&amp#27;[39m
&amp#27;[35m[HTTP]&amp#27;[39m &amp#27;[90m&amp#27;[39m
&amp#27;[35m[HTTP]&amp#27;[39m &amp#27;[37m-->&amp#27;[39m &amp#27;[37mPOST&amp#27;[39m &amp#27;[37m/wd/hub/session/b8746245-ee34-458b-8285-13e9a43c7aed/element/00000000-0000-07fb-ffff-ffff00000163/click&amp#27;[39m
&amp#27;[35m[HTTP]&amp#27;[39m &amp#27;[90m{"id":"00000000-0000-07fb-ffff-ffff00000163"}&amp#27;[39m
[debug] &amp#27;[35m[W3C (b8746245)]&amp#27;[39m Calling AppiumDriver.click() with args: ["00000000-0000-07fb-ffff-ffff00000163","b8746245-ee34-458b-8285-13e9a43c7aed"]
[debug] &amp#27;[35m[WD Proxy]&amp#27;[39m Matched '/element/00000000-0000-07fb-ffff-ffff00000163/click' to command name 'click'
[debug] &amp#27;[35m[WD Proxy]&amp#27;[39m Proxying [POST /element/00000000-0000-07fb-ffff-ffff00000163/click] to [POST http://127.0.0.1:8200/wd/hub/session/c7f4f09e-657e-4279-a71c-4db4d836d44d/element/00000000-0000-07fb-ffff-ffff00000163/click] with body: {"element":"00000000-0000-07fb-ffff-ffff00000163"}
[debug] &amp#27;[35m[WD Proxy]&amp#27;[39m Got response with status 200: {"sessionId":"c7f4f09e-657e-4279-a71c-4db4d836d44d","value":null}
[debug] &amp#27;[35m[W3C (b8746245)]&amp#27;[39m Responding to client with driver.click() result: null
&amp#27;[35m[HTTP]&amp#27;[39m &amp#27;[37m<-- POST /wd/hub/session/b8746245-ee34-458b-8285-13e9a43c7aed/element/00000000-0000-07fb-ffff-ffff00000163/click &amp#27;[39m&amp#27;[32m200&amp#27;[39m &amp#27;[90m57 ms - 14&amp#27;[39m
&amp#27;[35m[HTTP]&amp#27;[39m &amp#27;[90m&amp#27;[39m
]]></system-out>
    <system-err><![CDATA[Oct 13, 2022 11:41:52 PM io.appium.java_client.remote.AppiumCommandExecutor$1 lambda$0
INFO: Detected dialect: W3C
]]></system-err>
  </testcase>
</testsuite>